#
# There is insufficient memory for the Java Runtime Environment to continue.
# Native memory allocation (malloc) failed to allocate 1735344 bytes for Chunk::new
# Possible reasons:
#   The system is out of physical RAM or swap space
#   The process is running with CompressedOops enabled, and the Java Heap may be blocking the growth of the native heap
# Possible solutions:
#   Reduce memory load on the system
#   Increase physical memory or swap space
#   Check if swap backing store is full
#   Decrease Java heap size (-Xmx/-Xms)
#   Decrease number of Java threads
#   Decrease Java thread stack sizes (-Xss)
#   Set larger code cache with -XX:ReservedCodeCacheSize=
#   JVM is running with Unscaled Compressed Oops mode in which the Java heap is
#     placed in the first 4GB address space. The Java Heap base address is the
#     maximum limit for the native heap growth. Please use -XX:HeapBaseMinAddress
#     to set the Java Heap base and to place the Java Heap above 4GB virtual address.
# This output file may be truncated or incomplete.
#
#  Out of Memory Error (allocation.cpp:389), pid=2260, tid=0x0000000000004a28
#
# JRE version: OpenJDK Runtime Environment (8.0_242-b01) (build 1.8.0_242-release-1644-b01)
# Java VM: OpenJDK 64-Bit Server VM (25.242-b01 mixed mode windows-amd64 compressed oops)
# Failed to write core dump. Minidumps are not enabled by default on client versions of Windows
#

---------------  T H R E A D  ---------------

Current thread (0x000000001626f000):  JavaThread "C2 CompilerThread1" daemon [_thread_in_native, id=18984, stack(0x0000000018000000,0x0000000018100000)]

Stack: [0x0000000018000000,0x0000000018100000]
[error occurred during error reporting (printing stack bounds), id 0xc0000005]

Native frames: (J=compiled Java code, j=interpreted, Vv=VM code, C=native code)


Current CompileTask:
C2:   6558 5536       4       java.net.URLClassLoader$1::run (5 bytes)


---------------  P R O C E S S  ---------------

Java Threads: ( => current thread )
  0x0000000021295000 JavaThread "Memory manager" [_thread_blocked, id=9524, stack(0x0000000023140000,0x0000000023240000)]
  0x000000002128c000 JavaThread "Cache worker for Build Output Cleanup Cache (C:\Users\Admin\AndroidStudioProjects\GeoSolve\.gradle\buildOutputCleanup)" [_thread_blocked, id=4612, stack(0x0000000023040000,0x0000000023140000)]
  0x000000002128e800 JavaThread "Build operations Thread 6" [_thread_blocked, id=17392, stack(0x0000000022890000,0x0000000022990000)]
  0x0000000021290800 JavaThread "Build operations Thread 5" [_thread_blocked, id=9460, stack(0x0000000022790000,0x0000000022890000)]
  0x000000002128d000 JavaThread "Build operations Thread 4" [_thread_blocked, id=2992, stack(0x0000000022690000,0x0000000022790000)]
  0x0000000021292000 JavaThread "Build operations Thread 3" [_thread_blocked, id=9804, stack(0x0000000022590000,0x0000000022690000)]
  0x000000002128d800 JavaThread "Build operations Thread 2" [_thread_blocked, id=14292, stack(0x0000000022490000,0x0000000022590000)]
  0x0000000021291800 JavaThread "Build operations" [_thread_blocked, id=15276, stack(0x0000000020290000,0x0000000020390000)]
  0x000000001a4fc000 JavaThread "Cache worker for execution history cache (C:\Users\Admin\.gradle\caches\6.1.1\executionHistory)" [_thread_blocked, id=9440, stack(0x0000000020190000,0x0000000020290000)]
  0x000000001a4fe000 JavaThread "Cache worker for cache directory md-rule (C:\Users\Admin\.gradle\caches\6.1.1\md-rule)" [_thread_blocked, id=19380, stack(0x0000000020090000,0x0000000020190000)]
  0x000000001a4ff000 JavaThread "Cache worker for cache directory md-supplier (C:\Users\Admin\.gradle\caches\6.1.1\md-supplier)" [_thread_blocked, id=8936, stack(0x000000001eed0000,0x000000001efd0000)]
  0x000000001a501000 JavaThread "Cache worker for file hash cache (C:\Users\Admin\AndroidStudioProjects\GeoSolve\.gradle\6.1.1\fileHashes)" [_thread_blocked, id=18948, stack(0x000000001ecb0000,0x000000001edb0000)]
  0x000000001a4fd800 JavaThread "Cache worker for checksums cache (C:\Users\Admin\AndroidStudioProjects\GeoSolve\.gradle\checksums)" [_thread_blocked, id=6340, stack(0x000000001edd0000,0x000000001eed0000)]
  0x000000001a4ff800 JavaThread "Cache worker for file hash cache (C:\Users\Admin\.gradle\caches\6.1.1\fileHashes)" [_thread_blocked, id=15336, stack(0x000000001c750000,0x000000001c850000)]
  0x000000001a4a8000 JavaThread "File lock request listener" [_thread_in_native, id=15896, stack(0x000000001c650000,0x000000001c750000)]
  0x000000001a6e4000 JavaThread "Cache worker for journal cache (C:\Users\Admin\.gradle\caches\journal-1)" [_thread_blocked, id=2980, stack(0x000000001c450000,0x000000001c550000)]
  0x000000001a3f5800 JavaThread "Thread-9" [_thread_blocked, id=19292, stack(0x000000001c150000,0x000000001c250000)]
  0x000000001a3f5000 JavaThread "Stdin handler" [_thread_blocked, id=16172, stack(0x000000001c050000,0x000000001c150000)]
  0x000000001a426800 JavaThread "Asynchronous log dispatcher for DefaultDaemonConnection: socket connection from /127.0.0.1:56464 to /127.0.0.1:56465" [_thread_blocked, id=13224, stack(0x000000001bf50000,0x000000001c050000)]
  0x000000001a423800 JavaThread "Daemon worker" [_thread_in_vm, id=12404, stack(0x000000001be50000,0x000000001bf50000)]
  0x000000001a423000 JavaThread "Cancel handler" [_thread_blocked, id=12260, stack(0x000000001bd50000,0x000000001be50000)]
  0x000000001a3c8000 JavaThread "Handler for socket connection from /127.0.0.1:56464 to /127.0.0.1:56465" [_thread_in_native, id=18664, stack(0x000000001ba50000,0x000000001bb50000)]
  0x000000001a333800 JavaThread "Daemon" [_thread_blocked, id=2596, stack(0x000000001b950000,0x000000001ba50000)]
  0x000000001a30f000 JavaThread "Daemon periodic checks" [_thread_blocked, id=19236, stack(0x000000001b850000,0x000000001b950000)]
  0x000000001a357800 JavaThread "Incoming local TCP Connector on port 56464" [_thread_in_native, id=9344, stack(0x000000001b600000,0x000000001b700000)]
  0x000000001a298000 JavaThread "Daemon health stats" [_thread_blocked, id=18188, stack(0x000000001afa0000,0x000000001b0a0000)]
  0x0000000018264000 JavaThread "Service Thread" daemon [_thread_blocked, id=2416, stack(0x0000000018600000,0x0000000018700000)]
  0x0000000016274800 JavaThread "C1 CompilerThread2" daemon [_thread_blocked, id=3160, stack(0x0000000018100000,0x0000000018200000)]
=>0x000000001626f000 JavaThread "C2 CompilerThread1" daemon [_thread_in_native, id=18984, stack(0x0000000018000000,0x0000000018100000)]
  0x000000001626d000 JavaThread "C2 CompilerThread0" daemon [_thread_in_native, id=16360, stack(0x0000000017f00000,0x0000000018000000)]
  0x0000000016268800 JavaThread "Attach Listener" daemon [_thread_blocked, id=1728, stack(0x0000000017e00000,0x0000000017f00000)]
  0x0000000016266800 JavaThread "Signal Dispatcher" daemon [_thread_blocked, id=13072, stack(0x0000000017d00000,0x0000000017e00000)]
  0x00000000026ac800 JavaThread "Finalizer" daemon [_thread_blocked, id=6112, stack(0x0000000017ae0000,0x0000000017be0000)]
  0x000000001624b000 JavaThread "Reference Handler" daemon [_thread_blocked, id=5848, stack(0x00000000179e0000,0x0000000017ae0000)]
  0x000000000246e000 JavaThread "main" [_thread_blocked, id=8864, stack(0x00000000024b0000,0x00000000025b0000)]

Other Threads:
  0x0000000016227800 VMThread [stack: 0x00000000178e0000,0x00000000179e0000] [id=15552]
  0x000000001827a000 WatcherThread [stack: 0x0000000018700000,0x0000000018800000] [id=12572]

VM state:not at safepoint (normal execution)

VM Mutex/Monitor currently owned by a thread: None

heap address: 0x00000000a0000000, size: 1536 MB, Compressed Oops mode: 32-bit
Narrow klass base: 0x0000000000000000, Narrow klass shift: 3
Compressed class space size: 1073741824 Address: 0x0000000100000000

Heap:
 PSYoungGen      total 208384K, used 56224K [0x00000000e0000000, 0x00000000efe00000, 0x0000000100000000)
  eden space 189952K, 29% used [0x00000000e0000000,0x00000000e36e8138,0x00000000eb980000)
  from space 18432K, 0% used [0x00000000eec00000,0x00000000eec00000,0x00000000efe00000)
  to   space 12288K, 0% used [0x00000000eb980000,0x00000000eb980000,0x00000000ec580000)
 ParOldGen       total 139264K, used 31792K [0x00000000a0000000, 0x00000000a8800000, 0x00000000e0000000)
  object space 139264K, 22% used [0x00000000a0000000,0x00000000a1f0c2d0,0x00000000a8800000)
 Metaspace       used 59742K, capacity 61956K, committed 62104K, reserved 1103872K
  class space    used 8139K, capacity 8607K, committed 8616K, reserved 1048576K

Card table byte_map: [0x0000000011a70000,0x0000000011d80000] byte_map_base: 0x0000000011570000

Marking Bits: (ParMarkBitMap*) 0x000000005f7ff030
 Begin Bits: [0x0000000012580000, 0x0000000013d80000)
 End Bits:   [0x0000000013d80000, 0x0000000015580000)

Polling page: 0x00000000008d0000

CodeCache: size=245760Kb used=18846Kb max_used=18846Kb free=226913Kb
 bounds [0x00000000026b0000, 0x0000000003940000, 0x00000000116b0000]
 total_blobs=6089 nmethods=5311 adapters=690
 compilation: enabled

Compilation events (10 events):
Event: 6.549 Thread 0x0000000016274800 5624   !   3       com.sun.beans.finder.InstanceFinder::instantiate (39 bytes)
Event: 6.549 Thread 0x0000000016274800 nmethod 5624 0x0000000002c908d0 code [0x0000000002c90b20, 0x0000000002c919a8]
Event: 6.549 Thread 0x0000000016274800 5625   !   3       com.sun.beans.finder.ClassFinder::findClass (25 bytes)
Event: 6.549 Thread 0x0000000016274800 nmethod 5625 0x0000000002893150 code [0x00000000028932e0, 0x0000000002893568]
Event: 6.549 Thread 0x0000000016274800 5626   !   3       com.sun.beans.finder.ClassFinder::findClass (43 bytes)
Event: 6.550 Thread 0x0000000016274800 nmethod 5626 0x0000000002c8e410 code [0x0000000002c8e6e0, 0x0000000002c8fc48]
Event: 6.550 Thread 0x0000000016274800 5627       1       java.beans.Introspector::getTargetDefaultEventIndex (5 bytes)
Event: 6.550 Thread 0x0000000016274800 nmethod 5627 0x0000000002892e90 code [0x0000000002892fe0, 0x00000000028930f0]
Event: 6.550 Thread 0x0000000016274800 5628       1       java.beans.Introspector::getTargetDefaultPropertyIndex (5 bytes)
Event: 6.550 Thread 0x0000000016274800 nmethod 5628 0x0000000002ddf050 code [0x0000000002ddf1a0, 0x0000000002ddf2b0]

GC Heap History (10 events):
Event: 3.432 GC heap before
{Heap before GC invocations=9 (full 2):
 PSYoungGen      total 120320K, used 9923K [0x00000000e0000000, 0x00000000ed400000, 0x0000000100000000)
  eden space 108544K, 0% used [0x00000000e0000000,0x00000000e0000000,0x00000000e6a00000)
  from space 11776K, 84% used [0x00000000e6a00000,0x00000000e73b0f88,0x00000000e7580000)
  to   space 12288K, 0% used [0x00000000ec800000,0x00000000ec800000,0x00000000ed400000)
 ParOldGen       total 95744K, used 7710K [0x00000000a0000000, 0x00000000a5d80000, 0x00000000e0000000)
  object space 95744K, 8% used [0x00000000a0000000,0x00000000a0787970,0x00000000a5d80000)
 Metaspace       used 34487K, capacity 35430K, committed 35496K, reserved 1079296K
  class space    used 4696K, capacity 4978K, committed 5032K, reserved 1048576K
Event: 3.482 GC heap after
Heap after GC invocations=9 (full 2):
 PSYoungGen      total 120320K, used 0K [0x00000000e0000000, 0x00000000ed400000, 0x0000000100000000)
  eden space 108544K, 0% used [0x00000000e0000000,0x00000000e0000000,0x00000000e6a00000)
  from space 11776K, 0% used [0x00000000e6a00000,0x00000000e6a00000,0x00000000e7580000)
  to   space 12288K, 0% used [0x00000000ec800000,0x00000000ec800000,0x00000000ed400000)
 ParOldGen       total 139264K, used 17007K [0x00000000a0000000, 0x00000000a8800000, 0x00000000e0000000)
  object space 139264K, 12% used [0x00000000a0000000,0x00000000a109bf08,0x00000000a8800000)
 Metaspace       used 34487K, capacity 35430K, committed 35496K, reserved 1079296K
  class space    used 4696K, capacity 4978K, committed 5032K, reserved 1048576K
}
Event: 4.311 GC heap before
{Heap before GC invocations=10 (full 2):
 PSYoungGen      total 120320K, used 108544K [0x00000000e0000000, 0x00000000ed400000, 0x0000000100000000)
  eden space 108544K, 100% used [0x00000000e0000000,0x00000000e6a00000,0x00000000e6a00000)
  from space 11776K, 0% used [0x00000000e6a00000,0x00000000e6a00000,0x00000000e7580000)
  to   space 12288K, 0% used [0x00000000ec800000,0x00000000ec800000,0x00000000ed400000)
 ParOldGen       total 139264K, used 17007K [0x00000000a0000000, 0x00000000a8800000, 0x00000000e0000000)
  object space 139264K, 12% used [0x00000000a0000000,0x00000000a109bf08,0x00000000a8800000)
 Metaspace       used 40582K, capacity 42278K, committed 42408K, reserved 1085440K
  class space    used 5583K, capacity 5956K, committed 6056K, reserved 1048576K
Event: 4.318 GC heap after
Heap after GC invocations=10 (full 2):
 PSYoungGen      total 178176K, used 9220K [0x00000000e0000000, 0x00000000ed180000, 0x0000000100000000)
  eden space 168448K, 0% used [0x00000000e0000000,0x00000000e0000000,0x00000000ea480000)
  from space 9728K, 94% used [0x00000000ec800000,0x00000000ed1013e8,0x00000000ed180000)
  to   space 12288K, 0% used [0x00000000eb980000,0x00000000eb980000,0x00000000ec580000)
 ParOldGen       total 139264K, used 17015K [0x00000000a0000000, 0x00000000a8800000, 0x00000000e0000000)
  object space 139264K, 12% used [0x00000000a0000000,0x00000000a109df08,0x00000000a8800000)
 Metaspace       used 40582K, capacity 42278K, committed 42408K, reserved 1085440K
  class space    used 5583K, capacity 5956K, committed 6056K, reserved 1048576K
}
Event: 5.752 GC heap before
{Heap before GC invocations=11 (full 2):
 PSYoungGen      total 178176K, used 177668K [0x00000000e0000000, 0x00000000ed180000, 0x0000000100000000)
  eden space 168448K, 100% used [0x00000000e0000000,0x00000000ea480000,0x00000000ea480000)
  from space 9728K, 94% used [0x00000000ec800000,0x00000000ed1013e8,0x00000000ed180000)
  to   space 12288K, 0% used [0x00000000eb980000,0x00000000eb980000,0x00000000ec580000)
 ParOldGen       total 139264K, used 17015K [0x00000000a0000000, 0x00000000a8800000, 0x00000000e0000000)
  object space 139264K, 12% used [0x00000000a0000000,0x00000000a109df08,0x00000000a8800000)
 Metaspace       used 55528K, capacity 57662K, committed 57896K, reserved 1099776K
  class space    used 7505K, capacity 7961K, committed 7976K, reserved 1048576K
Event: 5.787 GC heap after
Heap after GC invocations=11 (full 2):
 PSYoungGen      total 202240K, used 12284K [0x00000000e0000000, 0x00000000efe00000, 0x0000000100000000)
  eden space 189952K, 0% used [0x00000000e0000000,0x00000000e0000000,0x00000000eb980000)
  from space 12288K, 99% used [0x00000000eb980000,0x00000000ec57f320,0x00000000ec580000)
  to   space 18432K, 0% used [0x00000000eec00000,0x00000000eec00000,0x00000000efe00000)
 ParOldGen       total 139264K, used 30436K [0x00000000a0000000, 0x00000000a8800000, 0x00000000e0000000)
  object space 139264K, 21% used [0x00000000a0000000,0x00000000a1db90d0,0x00000000a8800000)
 Metaspace       used 55528K, capacity 57662K, committed 57896K, reserved 1099776K
  class space    used 7505K, capacity 7961K, committed 7976K, reserved 1048576K
}
Event: 6.004 GC heap before
{Heap before GC invocations=12 (full 2):
 PSYoungGen      total 202240K, used 33782K [0x00000000e0000000, 0x00000000efe00000, 0x0000000100000000)
  eden space 189952K, 11% used [0x00000000e0000000,0x00000000e14fe768,0x00000000eb980000)
  from space 12288K, 99% used [0x00000000eb980000,0x00000000ec57f320,0x00000000ec580000)
  to   space 18432K, 0% used [0x00000000eec00000,0x00000000eec00000,0x00000000efe00000)
 ParOldGen       total 139264K, used 30436K [0x00000000a0000000, 0x00000000a8800000, 0x00000000e0000000)
  object space 139264K, 21% used [0x00000000a0000000,0x00000000a1db90d0,0x00000000a8800000)
 Metaspace       used 56929K, capacity 59098K, committed 59160K, reserved 1099776K
  class space    used 7709K, capacity 8205K, committed 8232K, reserved 1048576K
Event: 6.014 GC heap after
Heap after GC invocations=12 (full 2):
 PSYoungGen      total 208384K, used 10636K [0x00000000e0000000, 0x00000000efe00000, 0x0000000100000000)
  eden space 189952K, 0% used [0x00000000e0000000,0x00000000e0000000,0x00000000eb980000)
  from space 18432K, 57% used [0x00000000eec00000,0x00000000ef663118,0x00000000efe00000)
  to   space 12288K, 0% used [0x00000000eb980000,0x00000000eb980000,0x00000000ec580000)
 ParOldGen       total 139264K, used 34343K [0x00000000a0000000, 0x00000000a8800000, 0x00000000e0000000)
  object space 139264K, 24% used [0x00000000a0000000,0x00000000a2189cd8,0x00000000a8800000)
 Metaspace       used 56929K, capacity 59098K, committed 59160K, reserved 1099776K
  class space    used 7709K, capacity 8205K, committed 8232K, reserved 1048576K
}
Event: 6.014 GC heap before
{Heap before GC invocations=13 (full 3):
 PSYoungGen      total 208384K, used 10636K [0x00000000e0000000, 0x00000000efe00000, 0x0000000100000000)
  eden space 189952K, 0% used [0x00000000e0000000,0x00000000e0000000,0x00000000eb980000)
  from space 18432K, 57% used [0x00000000eec00000,0x00000000ef663118,0x00000000efe00000)
  to   space 12288K, 0% used [0x00000000eb980000,0x00000000eb980000,0x00000000ec580000)
 ParOldGen       total 139264K, used 34343K [0x00000000a0000000, 0x00000000a8800000, 0x00000000e0000000)
  object space 139264K, 24% used [0x00000000a0000000,0x00000000a2189cd8,0x00000000a8800000)
 Metaspace       used 56929K, capacity 59098K, committed 59160K, reserved 1099776K
  class space    used 7709K, capacity 8205K, committed 8232K, reserved 1048576K
Event: 6.177 GC heap after
Heap after GC invocations=13 (full 3):
 PSYoungGen      total 208384K, used 0K [0x00000000e0000000, 0x00000000efe00000, 0x0000000100000000)
  eden space 189952K, 0% used [0x00000000e0000000,0x00000000e0000000,0x00000000eb980000)
  from space 18432K, 0% used [0x00000000eec00000,0x00000000eec00000,0x00000000efe00000)
  to   space 12288K, 0% used [0x00000000eb980000,0x00000000eb980000,0x00000000ec580000)
 ParOldGen       total 139264K, used 31792K [0x00000000a0000000, 0x00000000a8800000, 0x00000000e0000000)
  object space 139264K, 22% used [0x00000000a0000000,0x00000000a1f0c2d0,0x00000000a8800000)
 Metaspace       used 56914K, capacity 59050K, committed 59160K, reserved 1099776K
  class space    used 7704K, capacity 8197K, committed 8232K, reserved 1048576K
}

Deoptimization events (10 events):
Event: 6.372 Thread 0x000000001a423800 Uncommon trap: reason=unstable_if action=reinterpret pc=0x00000000038e51a4 method=java.util.Collections$SetFromMap.remove(Ljava/lang/Object;)Z @ 10
Event: 6.424 Thread 0x000000001a423800 Uncommon trap: reason=unstable_if action=reinterpret pc=0x00000000028523c4 method=org.objectweb.asm.AnnotationWriter.computeAnnotationsSize(Lorg/objectweb/asm/AnnotationWriter;Lorg/objectweb/asm/AnnotationWriter;Lorg/objectweb/asm/AnnotationWriter;Lorg/ob
Event: 6.425 Thread 0x000000001a423800 Uncommon trap: reason=unstable_if action=reinterpret pc=0x0000000002b8fbfc method=org.objectweb.asm.AnnotationWriter.putAnnotations(Lorg/objectweb/asm/SymbolTable;Lorg/objectweb/asm/AnnotationWriter;Lorg/objectweb/asm/AnnotationWriter;Lorg/objectweb/asm/A
Event: 6.477 Thread 0x000000001a423800 Uncommon trap: reason=unstable_if action=reinterpret pc=0x00000000035f3ee4 method=java.util.TreeMap.put(Ljava/lang/Object;Ljava/lang/Object;)Ljava/lang/Object; @ 163
Event: 6.480 Thread 0x000000001a423800 Uncommon trap: reason=unstable_if action=reinterpret pc=0x00000000033284f4 method=java.lang.AbstractStringBuilder.append(I)Ljava/lang/AbstractStringBuilder; @ 16
Event: 6.480 Thread 0x000000001a423800 Uncommon trap: reason=unstable_if action=reinterpret pc=0x000000000322da50 method=java.lang.Integer.getChars(II[C)V @ 7
Event: 6.480 Thread 0x000000001a423800 Uncommon trap: reason=unstable_if action=reinterpret pc=0x0000000003329b6c method=java.lang.AbstractStringBuilder.append(I)Ljava/lang/AbstractStringBuilder; @ 16
Event: 6.523 Thread 0x000000001a423800 Uncommon trap: reason=unstable_if action=reinterpret pc=0x00000000034644bc method=sun.nio.fs.WindowsPathParser.isSlash(C)Z @ 9
Event: 6.523 Thread 0x000000001a423800 Uncommon trap: reason=unstable_if action=reinterpret pc=0x00000000029d2538 method=sun.nio.fs.WindowsPathParser.isSlash(C)Z @ 9
Event: 6.529 Thread 0x000000001a423800 Uncommon trap: reason=unstable_if action=reinterpret pc=0x00000000032c6ec4 method=com.esotericsoftware.kryo.io.Input.require(I)I @ 65

Classes redefined (0 events):
No events

Internal exceptions (10 events):
Event: 6.355 Thread 0x000000001a423800 Exception <a 'java/lang/ClassNotFoundException': java/lang/StringCustomizer> (0x00000000e19c82c0) thrown at [C:\src\AOSP-openjdk-git\hotspot\src\share\vm\classfile\systemDictionary.cpp, line 210]
Event: 6.357 Thread 0x000000001a423800 Exception <a 'java/lang/ClassNotFoundException': org/jetbrains/plugins/gradle/model/scala/ScalaModelBeanInfo> (0x00000000e1a24a08) thrown at [C:\src\AOSP-openjdk-git\hotspot\src\share\vm\classfile\systemDictionary.cpp, line 210]
Event: 6.357 Thread 0x000000001a423800 Exception <a 'java/lang/ClassNotFoundException': org/jetbrains/plugins/gradle/model/scala/ScalaModelCustomizer> (0x00000000e1a38190) thrown at [C:\src\AOSP-openjdk-git\hotspot\src\share\vm\classfile\systemDictionary.cpp, line 210]
Event: 6.518 Thread 0x000000001a3f5800 Exception <a 'java/lang/NoSuchMethodError': <clinit>> (0x00000000e00082e8) thrown at [C:\src\AOSP-openjdk-git\hotspot\src\share\vm\prims\jni.cpp, line 1615]
Event: 6.546 Thread 0x000000001a423800 Exception <a 'java/lang/ClassNotFoundException': org/jetbrains/plugins/gradle/tooling/util/SourceSetCachedFinder$1BeanInfo> (0x00000000e33ab0c8) thrown at [C:\src\AOSP-openjdk-git\hotspot\src\share\vm\classfile\systemDictionary.cpp, line 210]
Event: 6.546 Thread 0x000000001a423800 Exception <a 'java/lang/ClassNotFoundException': org/jetbrains/plugins/gradle/tooling/util/SourceSetCachedFinder$1Customizer> (0x00000000e33c0ee0) thrown at [C:\src\AOSP-openjdk-git\hotspot\src\share\vm\classfile\systemDictionary.cpp, line 210]
Event: 6.548 Thread 0x000000001a423800 Exception <a 'java/lang/ClassNotFoundException': org/jetbrains/plugins/gradle/tooling/util/SourceSetCachedFinder$2BeanInfo> (0x00000000e340cb88) thrown at [C:\src\AOSP-openjdk-git\hotspot\src\share\vm\classfile\systemDictionary.cpp, line 210]
Event: 6.549 Thread 0x000000001a423800 Exception <a 'java/lang/ClassNotFoundException': org/jetbrains/plugins/gradle/tooling/util/SourceSetCachedFinder$2Customizer> (0x00000000e34229a0) thrown at [C:\src\AOSP-openjdk-git\hotspot\src\share\vm\classfile\systemDictionary.cpp, line 210]
Event: 6.550 Thread 0x000000001a423800 Exception <a 'java/lang/ClassNotFoundException': org/jetbrains/plugins/gradle/tooling/util/SourceSetCachedFinderBeanInfo> (0x00000000e3466e30) thrown at [C:\src\AOSP-openjdk-git\hotspot\src\share\vm\classfile\systemDictionary.cpp, line 210]
Event: 6.551 Thread 0x000000001a423800 Exception <a 'java/lang/ClassNotFoundException': org/jetbrains/plugins/gradle/tooling/util/SourceSetCachedFinderCustomizer> (0x00000000e347c168) thrown at [C:\src\AOSP-openjdk-git\hotspot\src\share\vm\classfile\systemDictionary.cpp, line 210]

Events (10 events):
Event: 6.555 loading class org/gradle/internal/impldep/com/google/common/base/Function
Event: 6.555 loading class org/gradle/internal/impldep/com/google/common/base/Function done
Event: 6.556 loading class org/gradle/internal/impldep/com/google/common/collect/Multimap
Event: 6.556 loading class org/gradle/internal/impldep/com/google/common/collect/Multimap done
Event: 6.556 loading class org/gradle/internal/impldep/com/google/common/collect/Multimap
Event: 6.556 loading class org/gradle/internal/impldep/com/google/common/collect/Multimap done
Event: 6.556 loading class org/gradle/internal/impldep/com/google/common/base/Predicate
Event: 6.556 loading class org/gradle/internal/impldep/com/google/common/base/Predicate done
Event: 6.556 loading class org/gradle/internal/impldep/com/google/common/base/Predicate
Event: 6.556 loading class org/gradle/internal/impldep/com/google/common/base/Predicate done


Dynamic libraries:
0x00007ff719400000 - 0x00007ff719431000 	C:\Program Files\Android\Android Studio\jre\bin\java.exe
0x00007ffde9880000 - 0x00007ffde9a70000 	C:\Windows\SYSTEM32\ntdll.dll
0x00007ffde8460000 - 0x00007ffde8512000 	C:\Windows\System32\KERNEL32.DLL
0x00007ffde7370000 - 0x00007ffde7614000 	C:\Windows\System32\KERNELBASE.dll
0x00007ffde7930000 - 0x00007ffde79d3000 	C:\Windows\System32\ADVAPI32.dll
0x00007ffde82b0000 - 0x00007ffde834e000 	C:\Windows\System32\msvcrt.dll
0x00007ffde83c0000 - 0x00007ffde8457000 	C:\Windows\System32\sechost.dll
0x00007ffde9720000 - 0x00007ffde9840000 	C:\Windows\System32\RPCRT4.dll
0x00007ffde7f20000 - 0x00007ffde80b4000 	C:\Windows\System32\USER32.dll
0x00007ffde6a30000 - 0x00007ffde6a51000 	C:\Windows\System32\win32u.dll
0x00007ffde8600000 - 0x00007ffde8626000 	C:\Windows\System32\GDI32.dll
0x00007ffde7710000 - 0x00007ffde78a6000 	C:\Windows\System32\gdi32full.dll
0x00007ffde7620000 - 0x00007ffde76be000 	C:\Windows\System32\msvcp_win.dll
0x00007ffde6800000 - 0x00007ffde68fa000 	C:\Windows\System32\ucrtbase.dll
0x00007ffdd0b70000 - 0x00007ffdd0df4000 	C:\Windows\WinSxS\amd64_microsoft.windows.common-controls_6595b64144ccf1df_6.0.18362.959_none_e6c7bbbf130c62bb\COMCTL32.dll
0x00007ffde93e0000 - 0x00007ffde9715000 	C:\Windows\System32\combase.dll
0x00007ffde78b0000 - 0x00007ffde7930000 	C:\Windows\System32\bcryptPrimitives.dll
0x00007ffde8a60000 - 0x00007ffde8a8e000 	C:\Windows\System32\IMM32.DLL
0x000000005fc50000 - 0x000000005fd22000 	C:\Program Files\Android\Android Studio\jre\jre\bin\msvcr100.dll
0x000000005f030000 - 0x000000005f87b000 	C:\Program Files\Android\Android Studio\jre\jre\bin\server\jvm.dll
0x00007ffde8a90000 - 0x00007ffde8a98000 	C:\Windows\System32\PSAPI.DLL
0x00007ffdcf110000 - 0x00007ffdcf119000 	C:\Windows\SYSTEM32\WSOCK32.dll
0x00007ffde8970000 - 0x00007ffde89df000 	C:\Windows\System32\WS2_32.dll
0x00007ffde4610000 - 0x00007ffde4634000 	C:\Windows\SYSTEM32\WINMM.dll
0x00007ffde0460000 - 0x00007ffde046a000 	C:\Windows\SYSTEM32\VERSION.dll
0x00007ffde45b0000 - 0x00007ffde45dd000 	C:\Windows\SYSTEM32\WINMMBASE.dll
0x00007ffde76c0000 - 0x00007ffde770a000 	C:\Windows\System32\cfgmgr32.dll
0x00007ffde2990000 - 0x00007ffde299f000 	C:\Program Files\Android\Android Studio\jre\jre\bin\verify.dll
0x00007ffdd7090000 - 0x00007ffdd70b9000 	C:\Program Files\Android\Android Studio\jre\jre\bin\java.dll
0x00007ffde0df0000 - 0x00007ffde0e06000 	C:\Program Files\Android\Android Studio\jre\jre\bin\zip.dll
0x00007ffde8cd0000 - 0x00007ffde93b6000 	C:\Windows\System32\SHELL32.dll
0x00007ffde8200000 - 0x00007ffde82a9000 	C:\Windows\System32\shcore.dll
0x00007ffde6a60000 - 0x00007ffde71e2000 	C:\Windows\System32\windows.storage.dll
0x00007ffde67d0000 - 0x00007ffde67f3000 	C:\Windows\System32\profapi.dll
0x00007ffde6760000 - 0x00007ffde67aa000 	C:\Windows\System32\powrprof.dll
0x00007ffde6730000 - 0x00007ffde6740000 	C:\Windows\System32\UMPDC.dll
0x00007ffde8520000 - 0x00007ffde8572000 	C:\Windows\System32\shlwapi.dll
0x00007ffde6740000 - 0x00007ffde6751000 	C:\Windows\System32\kernel.appcore.dll
0x00007ffde6900000 - 0x00007ffde6917000 	C:\Windows\System32\cryptsp.dll
0x00007ffdd7070000 - 0x00007ffdd708a000 	C:\Program Files\Android\Android Studio\jre\jre\bin\net.dll
0x00007ffde5f40000 - 0x00007ffde5fa7000 	C:\Windows\system32\mswsock.dll
0x00007ffdd6e20000 - 0x00007ffdd6e33000 	C:\Program Files\Android\Android Studio\jre\jre\bin\nio.dll
0x00007ffdd13e0000 - 0x00007ffdd1406000 	C:\Users\Admin\.gradle\native\31\windows-amd64\native-platform.dll
0x00007ffde24e0000 - 0x00007ffde24ed000 	C:\Program Files\Android\Android Studio\jre\jre\bin\management.dll
0x00007ffde5ab0000 - 0x00007ffde5ae3000 	C:\Windows\system32\rsaenh.dll
0x00007ffde7340000 - 0x00007ffde7366000 	C:\Windows\System32\bcrypt.dll
0x00007ffde6650000 - 0x00007ffde6675000 	C:\Windows\SYSTEM32\USERENV.dll
0x00007ffde6170000 - 0x00007ffde617c000 	C:\Windows\SYSTEM32\CRYPTBASE.dll
0x00007ffde5c50000 - 0x00007ffde5c8a000 	C:\Windows\SYSTEM32\IPHLPAPI.DLL
0x00007ffde87e0000 - 0x00007ffde87e8000 	C:\Windows\System32\NSI.dll
0x00007ffde0710000 - 0x00007ffde0726000 	C:\Windows\SYSTEM32\dhcpcsvc6.DLL
0x00007ffde0560000 - 0x00007ffde057c000 	C:\Windows\SYSTEM32\dhcpcsvc.DLL
0x00007ffde5c90000 - 0x00007ffde5d5b000 	C:\Windows\SYSTEM32\DNSAPI.dll

VM Arguments:
jvm_args: -Xmx1536m -Dfile.encoding=windows-1251 -Duser.country=RU -Duser.language=ru -Duser.variant 
java_command: org.gradle.launcher.daemon.bootstrap.GradleDaemon 6.1.1
java_class_path (initial): C:\Users\Admin\.gradle\wrapper\dists\gradle-6.1.1-all\cfmwm155h49vnt3hynmlrsdst\gradle-6.1.1\lib\gradle-launcher-6.1.1.jar
Launcher Type: SUN_STANDARD

Environment Variables:
PATH=C:\ProgramData\Miniconda3;C:\ProgramData\Miniconda3\Library\mingw-w64\bin;C:\ProgramData\Miniconda3\Library\usr\bin;C:\ProgramData\Miniconda3\Library\bin;C:\ProgramData\Miniconda3\Scripts;C:\Windows\system32;C:\Windows;C:\Windows\System32\Wbem;C:\Windows\System32\WindowsPowerShell\v1.0\;C:\Windows\System32\OpenSSH\;C:\Program Files\NVIDIA Corporation\NVIDIA NvDLISR;C:\Program Files (x86)\NVIDIA Corporation\PhysX\Common;C:\Program Files\Git\cmd;C:\Users\Admin\AppData\Local\Programs\Python\Python38-32\Scripts\;C:\Users\Admin\AppData\Local\Programs\Python\Python38-32\;C:\Users\Admin\AppData\Local\Microsoft\WindowsApps;C:\Program Files\JetBrains\PyCharm Community Edition 2019.3.1\bin;C:\Program Files\JetBrains\WebStorm 2019.2.3\bin;C:\Users\Admin\AppData\Local\GitHubDesktop\bin;C:\Program Files\JetBrains\WebStorm 2019.2\bin;;C:\Program Files\JetBrains\IntelliJ IDEA 2019.2.4\bin;;C:\Program Files\JetBrains\IntelliJ IDEA Community Edition 2020.1\bin;
USERNAME=Admin
OS=Windows_NT
PROCESSOR_IDENTIFIER=Intel64 Family 6 Model 158 Stepping 10, GenuineIntel



---------------  S Y S T E M  ---------------

OS: Windows 10.0 , 64 bit Build 18362 (10.0.18362.959)

CPU:total 6 (initial active 6) (6 cores per cpu, 1 threads per core) family 6 model 158 stepping 10, cmov, cx8, fxsr, mmx, sse, sse2, sse3, ssse3, sse4.1, sse4.2, popcnt, avx, avx2, aes, clmul, erms, 3dnowpref, lzcnt, tsc, tscinvbit, bmi1, bmi2, adx

Memory: 4k page, physical 16705448k(4574096k free), swap 19710888k(5564k free)

vm_info: OpenJDK 64-Bit Server VM (25.242-b01) for windows-amd64 JRE (1.8.0_242-release-1644-b01), built by "builder" with MS VC++ 10.0 (VS2010)

time: Sun Jul 26 11:28:31 2020
timezone: RTZ 2 (зима)
elapsed time: 6 seconds (0d 0h 0m 6s)

