#
# There is insufficient memory for the Java Runtime Environment to continue.
# Native memory allocation (malloc) failed to allocate 131088 bytes for Chunk::new
# Possible reasons:
#   The system is out of physical RAM or swap space
#   The process is running with CompressedOops enabled, and the Java Heap may be blocking the growth of the native heap
# Possible solutions:
#   Reduce memory load on the system
#   Increase physical memory or swap space
#   Check if swap backing store is full
#   Decrease Java heap size (-Xmx/-Xms)
#   Decrease number of Java threads
#   Decrease Java thread stack sizes (-Xss)
#   Set larger code cache with -XX:ReservedCodeCacheSize=
#   JVM is running with Unscaled Compressed Oops mode in which the Java heap is
#     placed in the first 4GB address space. The Java Heap base address is the
#     maximum limit for the native heap growth. Please use -XX:HeapBaseMinAddress
#     to set the Java Heap base and to place the Java Heap above 4GB virtual address.
# This output file may be truncated or incomplete.
#
#  Out of Memory Error (allocation.cpp:389), pid=2212, tid=0x0000000000002d9c
#
# JRE version: OpenJDK Runtime Environment (8.0_242-b01) (build 1.8.0_242-release-1644-b01)
# Java VM: OpenJDK 64-Bit Server VM (25.242-b01 mixed mode windows-amd64 compressed oops)
# Failed to write core dump. Minidumps are not enabled by default on client versions of Windows
#

---------------  T H R E A D  ---------------

Current thread (0x0000000016b1d800):  JavaThread "C2 CompilerThread0" daemon [_thread_in_native, id=11676, stack(0x00000000187a0000,0x00000000188a0000)]

Stack: [0x00000000187a0000,0x00000000188a0000]
[error occurred during error reporting (printing stack bounds), id 0xc0000005]

Native frames: (J=compiled Java code, j=interpreted, Vv=VM code, C=native code)


Current CompileTask:
C2:   7480 6270       4       org.gradle.internal.instantiation.generator.AbstractClassGenerator::inspectType (559 bytes)


---------------  P R O C E S S  ---------------

Java Threads: ( => current thread )
  0x000000001d6bc800 JavaThread "Memory manager" [_thread_blocked, id=1924, stack(0x0000000023820000,0x0000000023920000)]
  0x000000001d6bf000 JavaThread "Cache worker for Build Output Cleanup Cache (C:\Users\Admin\AndroidStudioProjects\GeoSolve\.gradle\buildOutputCleanup)" [_thread_blocked, id=15468, stack(0x0000000023720000,0x0000000023820000)]
  0x000000001d6bc000 JavaThread "Build operations Thread 6" [_thread_blocked, id=8440, stack(0x0000000023020000,0x0000000023120000)]
  0x000000001d6b4800 JavaThread "Build operations Thread 5" [_thread_blocked, id=3084, stack(0x0000000022f20000,0x0000000023020000)]
  0x000000001d6bb000 JavaThread "Build operations Thread 4" [_thread_blocked, id=16776, stack(0x0000000022e20000,0x0000000022f20000)]
  0x000000001d6b3800 JavaThread "Build operations Thread 3" [_thread_blocked, id=11408, stack(0x0000000022d20000,0x0000000022e20000)]
  0x000000001d6b9800 JavaThread "Build operations Thread 2" [_thread_blocked, id=5476, stack(0x0000000022c20000,0x0000000022d20000)]
  0x000000001d6b8000 JavaThread "Build operations" [_thread_blocked, id=19112, stack(0x0000000022680000,0x0000000022780000)]
  0x000000001acd5800 JavaThread "Cache worker for execution history cache (C:\Users\Admin\.gradle\caches\6.1.1\executionHistory)" [_thread_blocked, id=17312, stack(0x0000000020bb0000,0x0000000020cb0000)]
  0x000000001acd5000 JavaThread "Cache worker for cache directory md-rule (C:\Users\Admin\.gradle\caches\6.1.1\md-rule)" [_thread_blocked, id=18580, stack(0x0000000020ab0000,0x0000000020bb0000)]
  0x000000001acdb800 JavaThread "Cache worker for cache directory md-supplier (C:\Users\Admin\.gradle\caches\6.1.1\md-supplier)" [_thread_blocked, id=19376, stack(0x000000001f710000,0x000000001f810000)]
  0x000000001acdb000 JavaThread "Cache worker for file hash cache (C:\Users\Admin\AndroidStudioProjects\GeoSolve\.gradle\6.1.1\fileHashes)" [_thread_blocked, id=11268, stack(0x000000001f500000,0x000000001f600000)]
  0x000000001acd7000 JavaThread "Cache worker for checksums cache (C:\Users\Admin\AndroidStudioProjects\GeoSolve\.gradle\checksums)" [_thread_blocked, id=16312, stack(0x000000001f610000,0x000000001f710000)]
  0x000000001acd8800 JavaThread "Cache worker for file hash cache (C:\Users\Admin\.gradle\caches\6.1.1\fileHashes)" [_thread_blocked, id=8272, stack(0x000000001cfd0000,0x000000001d0d0000)]
  0x000000001acd8000 JavaThread "File lock request listener" [_thread_in_native, id=14396, stack(0x000000001ced0000,0x000000001cfd0000)]
  0x000000001ae6e800 JavaThread "Cache worker for journal cache (C:\Users\Admin\.gradle\caches\journal-1)" [_thread_blocked, id=11976, stack(0x000000001ccd0000,0x000000001cdd0000)]
  0x000000001abfa000 JavaThread "Thread-9" [_thread_blocked, id=8684, stack(0x000000001c9d0000,0x000000001cad0000)]
  0x000000001abee800 JavaThread "Stdin handler" [_thread_blocked, id=16484, stack(0x000000001c8d0000,0x000000001c9d0000)]
  0x000000001ab77800 JavaThread "Asynchronous log dispatcher for DefaultDaemonConnection: socket connection from /127.0.0.1:56443 to /127.0.0.1:56444" [_thread_blocked, id=19224, stack(0x000000001c7d0000,0x000000001c8d0000)]
  0x000000001ab88000 JavaThread "Daemon worker" [_thread_in_Java, id=19436, stack(0x000000001c6d0000,0x000000001c7d0000)]
  0x000000001ab6d800 JavaThread "Cancel handler" [_thread_blocked, id=15176, stack(0x000000001c5d0000,0x000000001c6d0000)]
  0x000000001ab43000 JavaThread "Handler for socket connection from /127.0.0.1:56443 to /127.0.0.1:56444" [_thread_in_native, id=9248, stack(0x000000001c2d0000,0x000000001c3d0000)]
  0x000000001ab42000 JavaThread "Daemon" [_thread_blocked, id=16240, stack(0x000000001c1d0000,0x000000001c2d0000)]
  0x000000001ab37800 JavaThread "Daemon periodic checks" [_thread_blocked, id=11896, stack(0x000000001c0d0000,0x000000001c1d0000)]
  0x000000001aae7000 JavaThread "Incoming local TCP Connector on port 56443" [_thread_in_native, id=8460, stack(0x000000001be80000,0x000000001bf80000)]
  0x000000001aa25800 JavaThread "Daemon health stats" [_thread_blocked, id=11468, stack(0x000000001b840000,0x000000001b940000)]
  0x0000000018911000 JavaThread "Service Thread" daemon [_thread_blocked, id=18784, stack(0x0000000018ea0000,0x0000000018fa0000)]
  0x00000000188dc000 JavaThread "C1 CompilerThread2" daemon [_thread_blocked, id=15048, stack(0x0000000018da0000,0x0000000018ea0000)]
  0x00000000188d6000 JavaThread "C2 CompilerThread1" daemon [_thread_in_native, id=10048, stack(0x0000000018ca0000,0x0000000018da0000)]
=>0x0000000016b1d800 JavaThread "C2 CompilerThread0" daemon [_thread_in_native, id=11676, stack(0x00000000187a0000,0x00000000188a0000)]
  0x0000000016b19800 JavaThread "Attach Listener" daemon [_thread_blocked, id=18592, stack(0x00000000186a0000,0x00000000187a0000)]
  0x0000000016b17000 JavaThread "Signal Dispatcher" daemon [_thread_blocked, id=2968, stack(0x00000000185a0000,0x00000000186a0000)]
  0x0000000002f5d800 JavaThread "Finalizer" daemon [_thread_blocked, id=19024, stack(0x0000000018390000,0x0000000018490000)]
  0x0000000002f55800 JavaThread "Reference Handler" daemon [_thread_blocked, id=16952, stack(0x0000000018290000,0x0000000018390000)]
  0x0000000002d3e000 JavaThread "main" [_thread_blocked, id=12416, stack(0x0000000002d60000,0x0000000002e60000)]

Other Threads:
  0x0000000016ad7800 VMThread [stack: 0x0000000018190000,0x0000000018290000] [id=9564]
  0x0000000018912000 WatcherThread [stack: 0x0000000018fa0000,0x00000000190a0000] [id=19404]

VM state:not at safepoint (normal execution)

VM Mutex/Monitor currently owned by a thread: None

heap address: 0x00000000a0000000, size: 1536 MB, Compressed Oops mode: 32-bit
Narrow klass base: 0x0000000000000000, Narrow klass shift: 3
Compressed class space size: 1073741824 Address: 0x0000000100000000

Heap:
 PSYoungGen      total 216064K, used 156197K [0x00000000e0000000, 0x00000000ef380000, 0x0000000100000000)
  eden space 197120K, 79% used [0x00000000e0000000,0x00000000e9889590,0x00000000ec080000)
  from space 18944K, 0% used [0x00000000ee100000,0x00000000ee100000,0x00000000ef380000)
  to   space 12288K, 0% used [0x00000000ec080000,0x00000000ec080000,0x00000000ecc80000)
 ParOldGen       total 139264K, used 31689K [0x00000000a0000000, 0x00000000a8800000, 0x00000000e0000000)
  object space 139264K, 22% used [0x00000000a0000000,0x00000000a1ef2400,0x00000000a8800000)
 Metaspace       used 64005K, capacity 66406K, committed 66584K, reserved 1105920K
  class space    used 8774K, capacity 9246K, committed 9256K, reserved 1048576K

Card table byte_map: [0x0000000012320000,0x0000000012630000] byte_map_base: 0x0000000011e20000

Marking Bits: (ParMarkBitMap*) 0x000000005f7ff030
 Begin Bits: [0x0000000012e30000, 0x0000000014630000)
 End Bits:   [0x0000000014630000, 0x0000000015e30000)

Polling page: 0x0000000000f20000

CodeCache: size=245760Kb used=19250Kb max_used=19250Kb free=226509Kb
 bounds [0x0000000002f60000, 0x0000000004240000, 0x0000000011f60000]
 total_blobs=6513 nmethods=5726 adapters=699
 compilation: enabled

Compilation events (10 events):
Event: 7.462 Thread 0x00000000188dc000 6327       3       org.gradle.internal.instantiation.generator.AsmBackedClassGenerator$ClassBuilderImpl$$Lambda$193/1622013859::get$Lambda (11 bytes)
Event: 7.462 Thread 0x00000000188dc000 nmethod 6327 0x0000000004232490 code [0x0000000004232600, 0x0000000004232890]
Event: 7.462 Thread 0x00000000188dc000 6328       3       org.gradle.api.internal.tasks.properties.annotations.AbstractInputFilePropertyAnnotationHandler::shouldVisit (15 bytes)
Event: 7.463 Thread 0x00000000188dc000 nmethod 6328 0x00000000042329d0 code [0x0000000004232b40, 0x0000000004232da8]
Event: 7.467 Thread 0x00000000188dc000 6329       3       org.gradle.internal.instantiation.generator.AsmBackedClassGenerator$ClassBuilderImpl::applyManagedStateToProperty (26 bytes)
Event: 7.468 Thread 0x00000000188dc000 nmethod 6329 0x0000000004232e90 code [0x0000000004233140, 0x0000000004234568]
Event: 7.472 Thread 0x00000000188dc000 6330       3       com.sun.proxy.$Proxy29::<init> (6 bytes)
Event: 7.472 Thread 0x00000000188dc000 nmethod 6330 0x0000000004235090 code [0x0000000004235220, 0x00000000042355a8]
Event: 7.472 Thread 0x00000000188dc000 6331       2       org.objectweb.asm.Type::getType (10 bytes)
Event: 7.473 Thread 0x00000000188dc000 nmethod 6331 0x0000000004235750 code [0x00000000042358c0, 0x0000000004235a28]

GC Heap History (10 events):
Event: 4.038 GC heap before
{Heap before GC invocations=9 (full 2):
 PSYoungGen      total 125952K, used 9763K [0x00000000e0000000, 0x00000000eda80000, 0x0000000100000000)
  eden space 113664K, 0% used [0x00000000e0000000,0x00000000e0000000,0x00000000e6f00000)
  from space 12288K, 79% used [0x00000000e6f00000,0x00000000e7888fd0,0x00000000e7b00000)
  to   space 12288K, 0% used [0x00000000ece80000,0x00000000ece80000,0x00000000eda80000)
 ParOldGen       total 90112K, used 7737K [0x00000000a0000000, 0x00000000a5800000, 0x00000000e0000000)
  object space 90112K, 8% used [0x00000000a0000000,0x00000000a078e520,0x00000000a5800000)
 Metaspace       used 34431K, capacity 35430K, committed 35496K, reserved 1079296K
  class space    used 4693K, capacity 4978K, committed 5032K, reserved 1048576K
Event: 4.075 GC heap after
Heap after GC invocations=9 (full 2):
 PSYoungGen      total 125952K, used 0K [0x00000000e0000000, 0x00000000eda80000, 0x0000000100000000)
  eden space 113664K, 0% used [0x00000000e0000000,0x00000000e0000000,0x00000000e6f00000)
  from space 12288K, 0% used [0x00000000e6f00000,0x00000000e6f00000,0x00000000e7b00000)
  to   space 12288K, 0% used [0x00000000ece80000,0x00000000ece80000,0x00000000eda80000)
 ParOldGen       total 139264K, used 16942K [0x00000000a0000000, 0x00000000a8800000, 0x00000000e0000000)
  object space 139264K, 12% used [0x00000000a0000000,0x00000000a108b960,0x00000000a8800000)
 Metaspace       used 34431K, capacity 35430K, committed 35496K, reserved 1079296K
  class space    used 4693K, capacity 4978K, committed 5032K, reserved 1048576K
}
Event: 4.882 GC heap before
{Heap before GC invocations=10 (full 2):
 PSYoungGen      total 125952K, used 113664K [0x00000000e0000000, 0x00000000eda80000, 0x0000000100000000)
  eden space 113664K, 100% used [0x00000000e0000000,0x00000000e6f00000,0x00000000e6f00000)
  from space 12288K, 0% used [0x00000000e6f00000,0x00000000e6f00000,0x00000000e7b00000)
  to   space 12288K, 0% used [0x00000000ece80000,0x00000000ece80000,0x00000000eda80000)
 ParOldGen       total 139264K, used 16942K [0x00000000a0000000, 0x00000000a8800000, 0x00000000e0000000)
  object space 139264K, 12% used [0x00000000a0000000,0x00000000a108b960,0x00000000a8800000)
 Metaspace       used 41101K, capacity 42702K, committed 42920K, reserved 1085440K
  class space    used 5634K, capacity 6016K, committed 6056K, reserved 1048576K
Event: 4.889 GC heap after
Heap after GC invocations=10 (full 2):
 PSYoungGen      total 177152K, used 9744K [0x00000000e0000000, 0x00000000ed880000, 0x0000000100000000)
  eden space 166912K, 0% used [0x00000000e0000000,0x00000000e0000000,0x00000000ea300000)
  from space 10240K, 95% used [0x00000000ece80000,0x00000000ed8042c0,0x00000000ed880000)
  to   space 12288K, 0% used [0x00000000ec080000,0x00000000ec080000,0x00000000ecc80000)
 ParOldGen       total 139264K, used 16950K [0x00000000a0000000, 0x00000000a8800000, 0x00000000e0000000)
  object space 139264K, 12% used [0x00000000a0000000,0x00000000a108d960,0x00000000a8800000)
 Metaspace       used 41101K, capacity 42702K, committed 42920K, reserved 1085440K
  class space    used 5634K, capacity 6016K, committed 6056K, reserved 1048576K
}
Event: 6.102 GC heap before
{Heap before GC invocations=11 (full 2):
 PSYoungGen      total 177152K, used 176656K [0x00000000e0000000, 0x00000000ed880000, 0x0000000100000000)
  eden space 166912K, 100% used [0x00000000e0000000,0x00000000ea300000,0x00000000ea300000)
  from space 10240K, 95% used [0x00000000ece80000,0x00000000ed8042c0,0x00000000ed880000)
  to   space 12288K, 0% used [0x00000000ec080000,0x00000000ec080000,0x00000000ecc80000)
 ParOldGen       total 139264K, used 16950K [0x00000000a0000000, 0x00000000a8800000, 0x00000000e0000000)
  object space 139264K, 12% used [0x00000000a0000000,0x00000000a108d960,0x00000000a8800000)
 Metaspace       used 55643K, capacity 57738K, committed 58024K, reserved 1099776K
  class space    used 7521K, capacity 7989K, committed 8104K, reserved 1048576K
Event: 6.116 GC heap after
Heap after GC invocations=11 (full 2):
 PSYoungGen      total 209408K, used 12260K [0x00000000e0000000, 0x00000000ef380000, 0x0000000100000000)
  eden space 197120K, 0% used [0x00000000e0000000,0x00000000e0000000,0x00000000ec080000)
  from space 12288K, 99% used [0x00000000ec080000,0x00000000ecc79310,0x00000000ecc80000)
  to   space 18944K, 0% used [0x00000000ee100000,0x00000000ee100000,0x00000000ef380000)
 ParOldGen       total 139264K, used 30115K [0x00000000a0000000, 0x00000000a8800000, 0x00000000e0000000)
  object space 139264K, 21% used [0x00000000a0000000,0x00000000a1d68db0,0x00000000a8800000)
 Metaspace       used 55643K, capacity 57738K, committed 58024K, reserved 1099776K
  class space    used 7521K, capacity 7989K, committed 8104K, reserved 1048576K
}
Event: 6.274 GC heap before
{Heap before GC invocations=12 (full 2):
 PSYoungGen      total 209408K, used 34656K [0x00000000e0000000, 0x00000000ef380000, 0x0000000100000000)
  eden space 197120K, 11% used [0x00000000e0000000,0x00000000e15deeb8,0x00000000ec080000)
  from space 12288K, 99% used [0x00000000ec080000,0x00000000ecc79310,0x00000000ecc80000)
  to   space 18944K, 0% used [0x00000000ee100000,0x00000000ee100000,0x00000000ef380000)
 ParOldGen       total 139264K, used 30115K [0x00000000a0000000, 0x00000000a8800000, 0x00000000e0000000)
  object space 139264K, 21% used [0x00000000a0000000,0x00000000a1d68db0,0x00000000a8800000)
 Metaspace       used 56886K, capacity 59126K, committed 59160K, reserved 1099776K
  class space    used 7707K, capacity 8199K, committed 8232K, reserved 1048576K
Event: 6.285 GC heap after
Heap after GC invocations=12 (full 2):
 PSYoungGen      total 216064K, used 14262K [0x00000000e0000000, 0x00000000ef380000, 0x0000000100000000)
  eden space 197120K, 0% used [0x00000000e0000000,0x00000000e0000000,0x00000000ec080000)
  from space 18944K, 75% used [0x00000000ee100000,0x00000000eeeeda80,0x00000000ef380000)
  to   space 12288K, 0% used [0x00000000ec080000,0x00000000ec080000,0x00000000ecc80000)
 ParOldGen       total 139264K, used 30123K [0x00000000a0000000, 0x00000000a8800000, 0x00000000e0000000)
  object space 139264K, 21% used [0x00000000a0000000,0x00000000a1d6adb0,0x00000000a8800000)
 Metaspace       used 56886K, capacity 59126K, committed 59160K, reserved 1099776K
  class space    used 7707K, capacity 8199K, committed 8232K, reserved 1048576K
}
Event: 6.285 GC heap before
{Heap before GC invocations=13 (full 3):
 PSYoungGen      total 216064K, used 14262K [0x00000000e0000000, 0x00000000ef380000, 0x0000000100000000)
  eden space 197120K, 0% used [0x00000000e0000000,0x00000000e0000000,0x00000000ec080000)
  from space 18944K, 75% used [0x00000000ee100000,0x00000000eeeeda80,0x00000000ef380000)
  to   space 12288K, 0% used [0x00000000ec080000,0x00000000ec080000,0x00000000ecc80000)
 ParOldGen       total 139264K, used 30123K [0x00000000a0000000, 0x00000000a8800000, 0x00000000e0000000)
  object space 139264K, 21% used [0x00000000a0000000,0x00000000a1d6adb0,0x00000000a8800000)
 Metaspace       used 56886K, capacity 59126K, committed 59160K, reserved 1099776K
  class space    used 7707K, capacity 8199K, committed 8232K, reserved 1048576K
Event: 6.421 GC heap after
Heap after GC invocations=13 (full 3):
 PSYoungGen      total 216064K, used 0K [0x00000000e0000000, 0x00000000ef380000, 0x0000000100000000)
  eden space 197120K, 0% used [0x00000000e0000000,0x00000000e0000000,0x00000000ec080000)
  from space 18944K, 0% used [0x00000000ee100000,0x00000000ee100000,0x00000000ef380000)
  to   space 12288K, 0% used [0x00000000ec080000,0x00000000ec080000,0x00000000ecc80000)
 ParOldGen       total 139264K, used 31689K [0x00000000a0000000, 0x00000000a8800000, 0x00000000e0000000)
  object space 139264K, 22% used [0x00000000a0000000,0x00000000a1ef2400,0x00000000a8800000)
 Metaspace       used 56879K, capacity 59102K, committed 59160K, reserved 1099776K
  class space    used 7705K, capacity 8195K, committed 8232K, reserved 1048576K
}

Deoptimization events (10 events):
Event: 6.685 Thread 0x000000001ab88000 Uncommon trap: reason=unstable_if action=reinterpret pc=0x00000000031e0d10 method=java.lang.AbstractStringBuilder.append(I)Ljava/lang/AbstractStringBuilder; @ 16
Event: 6.685 Thread 0x000000001ab88000 Uncommon trap: reason=unstable_if action=reinterpret pc=0x000000000306eb10 method=java.lang.Integer.getChars(II[C)V @ 7
Event: 6.740 Thread 0x000000001ab88000 Uncommon trap: reason=unstable_if action=reinterpret pc=0x0000000003c6ddd8 method=sun.nio.fs.WindowsPathParser.isSlash(C)Z @ 9
Event: 6.740 Thread 0x000000001ab88000 Uncommon trap: reason=unstable_if action=reinterpret pc=0x00000000032a8478 method=sun.nio.fs.WindowsPathParser.isSlash(C)Z @ 9
Event: 6.745 Thread 0x000000001ab88000 Uncommon trap: reason=unstable_if action=reinterpret pc=0x0000000003078144 method=com.esotericsoftware.kryo.io.Input.require(I)I @ 65
Event: 6.823 Thread 0x000000001ab88000 Uncommon trap: reason=class_check action=maybe_recompile pc=0x0000000003529c80 method=java.lang.Throwable.<init>(Ljava/lang/String;Ljava/lang/Throwable;)V @ 24
Event: 6.971 Thread 0x000000001ab88000 Uncommon trap: reason=unstable_if action=reinterpret pc=0x0000000003e157d0 method=groovy.lang.MetaClassImpl.checkIfStdMethod(Lgroovy/lang/MetaMethod;)V @ 167
Event: 7.138 Thread 0x000000001ab88000 Uncommon trap: reason=class_check action=maybe_recompile pc=0x0000000003529c80 method=java.lang.Throwable.<init>(Ljava/lang/String;Ljava/lang/Throwable;)V @ 24
Event: 7.151 Thread 0x000000001ab88000 Uncommon trap: reason=unstable_if action=reinterpret pc=0x0000000003e8428c method=org.objectweb.asm.Type.getArgumentsAndReturnSizes(Ljava/lang/String;)I @ 109
Event: 7.151 Thread 0x000000001ab88000 Uncommon trap: reason=unstable_if action=reinterpret pc=0x0000000003b26d9c method=org.objectweb.asm.Type.getArgumentsAndReturnSizes(Ljava/lang/String;)I @ 109

Classes redefined (0 events):
No events

Internal exceptions (10 events):
Event: 7.194 Thread 0x000000001ab88000 Exception <a 'java/lang/ClassNotFoundException': org/gradle/api/tasks/testing/AbstractTestTaskBeanInfo> (0x00000000e71e6240) thrown at [C:\src\AOSP-openjdk-git\hotspot\src\share\vm\classfile\systemDictionary.cpp, line 210]
Event: 7.194 Thread 0x000000001ab88000 Exception <a 'java/lang/ClassNotFoundException': org/gradle/api/tasks/testing/AbstractTestTaskCustomizer> (0x00000000e7212fe0) thrown at [C:\src\AOSP-openjdk-git\hotspot\src\share\vm\classfile\systemDictionary.cpp, line 210]
Event: 7.195 Thread 0x000000001ab88000 Exception <a 'java/lang/ClassNotFoundException': org/gradle/api/tasks/testing/TestCustomizer> (0x00000000e7269c88) thrown at [C:\src\AOSP-openjdk-git\hotspot\src\share\vm\classfile\systemDictionary.cpp, line 210]
Event: 7.198 Thread 0x000000001ab88000 Exception <a 'java/lang/ClassNotFoundException': com/android/build/gradle/tasks/factory/AndroidUnitTestCustomizer> (0x00000000e7368f50) thrown at [C:\src\AOSP-openjdk-git\hotspot\src\share\vm\classfile\systemDictionary.cpp, line 210]
Event: 7.198 Thread 0x000000001ab88000 Exception <a 'java/lang/ClassNotFoundException': com/android/build/gradle/tasks/factory/AndroidUnitTest_DecoratedCustomizer> (0x00000000e73b0738) thrown at [C:\src\AOSP-openjdk-git\hotspot\src\share\vm\classfile\systemDictionary.cpp, line 210]
Event: 7.206 Thread 0x000000001ab88000 Exception <a 'java/lang/ClassNotFoundException': org/gradle/api/internal/tasks/DefaultSourceSetContainer_DecoratedBeanInfo> (0x00000000e76e6bc8) thrown at [C:\src\AOSP-openjdk-git\hotspot\src\share\vm\classfile\systemDictionary.cpp, line 210]
Event: 7.207 Thread 0x000000001ab88000 Exception <a 'java/lang/ClassNotFoundException': org/gradle/api/internal/tasks/DefaultSourceSetContainerBeanInfo> (0x00000000e7717060) thrown at [C:\src\AOSP-openjdk-git\hotspot\src\share\vm\classfile\systemDictionary.cpp, line 210]
Event: 7.207 Thread 0x000000001ab88000 Exception <a 'java/lang/ClassNotFoundException': org/gradle/api/internal/tasks/DefaultSourceSetContainerCustomizer> (0x00000000e7748088) thrown at [C:\src\AOSP-openjdk-git\hotspot\src\share\vm\classfile\systemDictionary.cpp, line 210]
Event: 7.208 Thread 0x000000001ab88000 Exception <a 'java/lang/ClassNotFoundException': org/gradle/api/internal/tasks/DefaultSourceSetContainer_DecoratedCustomizer> (0x00000000e778d058) thrown at [C:\src\AOSP-openjdk-git\hotspot\src\share\vm\classfile\systemDictionary.cpp, line 210]
Event: 7.235 Thread 0x000000001ab88000 Exception <a 'java/lang/NoSuchMethodError': java.lang.Object.lambda$identity$2(Ljava/lang/Object;)Ljava/lang/Object;> (0x00000000e7aee018) thrown at [C:\src\AOSP-openjdk-git\hotspot\src\share\vm\interpreter\linkResolver.cpp, line 620]

Events (10 events):
Event: 7.459 loading class com/android/builder/packaging/JarCreator$Relocator
Event: 7.459 loading class com/android/builder/packaging/JarCreator$Relocator done
Event: 7.465 loading class org/gradle/api/tasks/InputDirectory
Event: 7.465 loading class org/gradle/api/tasks/InputDirectory done
Event: 7.470 loading class com/android/build/gradle/internal/tasks/PackageBundleTask$BundleOptions
Event: 7.470 loading class com/android/build/gradle/internal/tasks/PackageBundleTask$BundleOptions done
Event: 7.471 loading class com/android/build/gradle/internal/tasks/PackageBundleTask$BundleFlags
Event: 7.471 loading class com/android/build/gradle/internal/tasks/PackageBundleTask$BundleFlags done
Event: 7.472 loading class com/android/build/gradle/internal/tasks/PackageBundleTask$Companion
Event: 7.472 loading class com/android/build/gradle/internal/tasks/PackageBundleTask$Companion done


Dynamic libraries:
0x00007ff719400000 - 0x00007ff719431000 	C:\Program Files\Android\Android Studio\jre\bin\java.exe
0x00007ffde9880000 - 0x00007ffde9a70000 	C:\Windows\SYSTEM32\ntdll.dll
0x00007ffde8460000 - 0x00007ffde8512000 	C:\Windows\System32\KERNEL32.DLL
0x00007ffde7370000 - 0x00007ffde7614000 	C:\Windows\System32\KERNELBASE.dll
0x00007ffde7930000 - 0x00007ffde79d3000 	C:\Windows\System32\ADVAPI32.dll
0x00007ffde82b0000 - 0x00007ffde834e000 	C:\Windows\System32\msvcrt.dll
0x00007ffde83c0000 - 0x00007ffde8457000 	C:\Windows\System32\sechost.dll
0x00007ffde9720000 - 0x00007ffde9840000 	C:\Windows\System32\RPCRT4.dll
0x00007ffde7f20000 - 0x00007ffde80b4000 	C:\Windows\System32\USER32.dll
0x00007ffde6a30000 - 0x00007ffde6a51000 	C:\Windows\System32\win32u.dll
0x00007ffde8600000 - 0x00007ffde8626000 	C:\Windows\System32\GDI32.dll
0x00007ffde7710000 - 0x00007ffde78a6000 	C:\Windows\System32\gdi32full.dll
0x00007ffde7620000 - 0x00007ffde76be000 	C:\Windows\System32\msvcp_win.dll
0x00007ffde6800000 - 0x00007ffde68fa000 	C:\Windows\System32\ucrtbase.dll
0x00007ffdd0b70000 - 0x00007ffdd0df4000 	C:\Windows\WinSxS\amd64_microsoft.windows.common-controls_6595b64144ccf1df_6.0.18362.959_none_e6c7bbbf130c62bb\COMCTL32.dll
0x00007ffde93e0000 - 0x00007ffde9715000 	C:\Windows\System32\combase.dll
0x00007ffde78b0000 - 0x00007ffde7930000 	C:\Windows\System32\bcryptPrimitives.dll
0x00007ffde8a60000 - 0x00007ffde8a8e000 	C:\Windows\System32\IMM32.DLL
0x000000005fc50000 - 0x000000005fd22000 	C:\Program Files\Android\Android Studio\jre\jre\bin\msvcr100.dll
0x000000005f030000 - 0x000000005f87b000 	C:\Program Files\Android\Android Studio\jre\jre\bin\server\jvm.dll
0x00007ffde8a90000 - 0x00007ffde8a98000 	C:\Windows\System32\PSAPI.DLL
0x00007ffdcf110000 - 0x00007ffdcf119000 	C:\Windows\SYSTEM32\WSOCK32.dll
0x00007ffde8970000 - 0x00007ffde89df000 	C:\Windows\System32\WS2_32.dll
0x00007ffde4610000 - 0x00007ffde4634000 	C:\Windows\SYSTEM32\WINMM.dll
0x00007ffde0460000 - 0x00007ffde046a000 	C:\Windows\SYSTEM32\VERSION.dll
0x00007ffde45b0000 - 0x00007ffde45dd000 	C:\Windows\SYSTEM32\winmmbase.dll
0x00007ffde76c0000 - 0x00007ffde770a000 	C:\Windows\System32\cfgmgr32.dll
0x00007ffde2990000 - 0x00007ffde299f000 	C:\Program Files\Android\Android Studio\jre\jre\bin\verify.dll
0x00007ffdd7090000 - 0x00007ffdd70b9000 	C:\Program Files\Android\Android Studio\jre\jre\bin\java.dll
0x00007ffde0df0000 - 0x00007ffde0e06000 	C:\Program Files\Android\Android Studio\jre\jre\bin\zip.dll
0x00007ffde8cd0000 - 0x00007ffde93b6000 	C:\Windows\System32\SHELL32.dll
0x00007ffde8200000 - 0x00007ffde82a9000 	C:\Windows\System32\shcore.dll
0x00007ffde6a60000 - 0x00007ffde71e2000 	C:\Windows\System32\windows.storage.dll
0x00007ffde67d0000 - 0x00007ffde67f3000 	C:\Windows\System32\profapi.dll
0x00007ffde6760000 - 0x00007ffde67aa000 	C:\Windows\System32\powrprof.dll
0x00007ffde6730000 - 0x00007ffde6740000 	C:\Windows\System32\UMPDC.dll
0x00007ffde8520000 - 0x00007ffde8572000 	C:\Windows\System32\shlwapi.dll
0x00007ffde6740000 - 0x00007ffde6751000 	C:\Windows\System32\kernel.appcore.dll
0x00007ffde6900000 - 0x00007ffde6917000 	C:\Windows\System32\cryptsp.dll
0x00007ffdd7070000 - 0x00007ffdd708a000 	C:\Program Files\Android\Android Studio\jre\jre\bin\net.dll
0x00007ffde5f40000 - 0x00007ffde5fa7000 	C:\Windows\system32\mswsock.dll
0x00007ffdd6e20000 - 0x00007ffdd6e33000 	C:\Program Files\Android\Android Studio\jre\jre\bin\nio.dll
0x00007ffdd13e0000 - 0x00007ffdd1406000 	C:\Users\Admin\.gradle\native\31\windows-amd64\native-platform.dll
0x00007ffde24e0000 - 0x00007ffde24ed000 	C:\Program Files\Android\Android Studio\jre\jre\bin\management.dll
0x00007ffde5ab0000 - 0x00007ffde5ae3000 	C:\Windows\system32\rsaenh.dll
0x00007ffde7340000 - 0x00007ffde7366000 	C:\Windows\System32\bcrypt.dll
0x00007ffde6650000 - 0x00007ffde6675000 	C:\Windows\SYSTEM32\USERENV.dll
0x00007ffde6170000 - 0x00007ffde617c000 	C:\Windows\SYSTEM32\CRYPTBASE.dll
0x00007ffde5c50000 - 0x00007ffde5c8a000 	C:\Windows\SYSTEM32\IPHLPAPI.DLL
0x00007ffde87e0000 - 0x00007ffde87e8000 	C:\Windows\System32\NSI.dll
0x00007ffde0710000 - 0x00007ffde0726000 	C:\Windows\SYSTEM32\dhcpcsvc6.DLL
0x00007ffde0560000 - 0x00007ffde057c000 	C:\Windows\SYSTEM32\dhcpcsvc.DLL
0x00007ffde5c90000 - 0x00007ffde5d5b000 	C:\Windows\SYSTEM32\DNSAPI.dll

VM Arguments:
jvm_args: -Xmx1536m -Dfile.encoding=windows-1251 -Duser.country=RU -Duser.language=ru -Duser.variant 
java_command: org.gradle.launcher.daemon.bootstrap.GradleDaemon 6.1.1
java_class_path (initial): C:\Users\Admin\.gradle\wrapper\dists\gradle-6.1.1-all\cfmwm155h49vnt3hynmlrsdst\gradle-6.1.1\lib\gradle-launcher-6.1.1.jar
Launcher Type: SUN_STANDARD

Environment Variables:
PATH=C:\ProgramData\Miniconda3;C:\ProgramData\Miniconda3\Library\mingw-w64\bin;C:\ProgramData\Miniconda3\Library\usr\bin;C:\ProgramData\Miniconda3\Library\bin;C:\ProgramData\Miniconda3\Scripts;C:\Windows\system32;C:\Windows;C:\Windows\System32\Wbem;C:\Windows\System32\WindowsPowerShell\v1.0\;C:\Windows\System32\OpenSSH\;C:\Program Files\NVIDIA Corporation\NVIDIA NvDLISR;C:\Program Files (x86)\NVIDIA Corporation\PhysX\Common;C:\Program Files\Git\cmd;C:\Users\Admin\AppData\Local\Programs\Python\Python38-32\Scripts\;C:\Users\Admin\AppData\Local\Programs\Python\Python38-32\;C:\Users\Admin\AppData\Local\Microsoft\WindowsApps;C:\Program Files\JetBrains\PyCharm Community Edition 2019.3.1\bin;C:\Program Files\JetBrains\WebStorm 2019.2.3\bin;C:\Users\Admin\AppData\Local\GitHubDesktop\bin;C:\Program Files\JetBrains\WebStorm 2019.2\bin;;C:\Program Files\JetBrains\IntelliJ IDEA 2019.2.4\bin;;C:\Program Files\JetBrains\IntelliJ IDEA Community Edition 2020.1\bin;
USERNAME=Admin
OS=Windows_NT
PROCESSOR_IDENTIFIER=Intel64 Family 6 Model 158 Stepping 10, GenuineIntel



---------------  S Y S T E M  ---------------

OS: Windows 10.0 , 64 bit Build 18362 (10.0.18362.959)

CPU:total 6 (initial active 6) (6 cores per cpu, 1 threads per core) family 6 model 158 stepping 10, cmov, cx8, fxsr, mmx, sse, sse2, sse3, ssse3, sse4.1, sse4.2, popcnt, avx, avx2, aes, clmul, erms, 3dnowpref, lzcnt, tsc, tscinvbit, bmi1, bmi2, adx

Memory: 4k page, physical 16705448k(4553276k free), swap 19710888k(5200k free)

vm_info: OpenJDK 64-Bit Server VM (25.242-b01) for windows-amd64 JRE (1.8.0_242-release-1644-b01), built by "builder" with MS VC++ 10.0 (VS2010)

time: Sun Jul 26 11:27:37 2020
timezone: RTZ 2 (зима)
elapsed time: 7 seconds (0d 0h 0m 7s)

