#
# There is insufficient memory for the Java Runtime Environment to continue.
# Native memory allocation (malloc) failed to allocate 1291824 bytes for Chunk::new
# Possible reasons:
#   The system is out of physical RAM or swap space
#   The process is running with CompressedOops enabled, and the Java Heap may be blocking the growth of the native heap
# Possible solutions:
#   Reduce memory load on the system
#   Increase physical memory or swap space
#   Check if swap backing store is full
#   Decrease Java heap size (-Xmx/-Xms)
#   Decrease number of Java threads
#   Decrease Java thread stack sizes (-Xss)
#   Set larger code cache with -XX:ReservedCodeCacheSize=
#   JVM is running with Unscaled Compressed Oops mode in which the Java heap is
#     placed in the first 4GB address space. The Java Heap base address is the
#     maximum limit for the native heap growth. Please use -XX:HeapBaseMinAddress
#     to set the Java Heap base and to place the Java Heap above 4GB virtual address.
# This output file may be truncated or incomplete.
#
#  Out of Memory Error (allocation.cpp:389), pid=17336, tid=0x00000000000027a8
#
# JRE version: OpenJDK Runtime Environment (8.0_242-b01) (build 1.8.0_242-release-1644-b01)
# Java VM: OpenJDK 64-Bit Server VM (25.242-b01 mixed mode windows-amd64 compressed oops)
# Failed to write core dump. Minidumps are not enabled by default on client versions of Windows
#

---------------  T H R E A D  ---------------

Current thread (0x0000000016eaf000):  JavaThread "C2 CompilerThread1" daemon [_thread_in_native, id=10152, stack(0x0000000018c30000,0x0000000018d30000)]

Stack: [0x0000000018c30000,0x0000000018d30000]
[error occurred during error reporting (printing stack bounds), id 0xc0000005]

Native frames: (J=compiled Java code, j=interpreted, Vv=VM code, C=native code)


Current CompileTask:
C2:   5664 4831   !   4       com.sun.beans.TypeResolver::resolve (274 bytes)


---------------  P R O C E S S  ---------------

Java Threads: ( => current thread )
  0x000000001a791000 JavaThread "Cache worker for Build Output Cleanup Cache (C:\Users\Admin\AndroidStudioProjects\GeoSolve\.gradle\buildOutputCleanup)" [_thread_blocked, id=15388, stack(0x0000000023760000,0x0000000023860000)]
  0x000000001a789800 JavaThread "Build operations Thread 6" [_thread_blocked, id=18700, stack(0x0000000023460000,0x0000000023560000)]
  0x000000001a78f000 JavaThread "Build operations Thread 5" [_thread_blocked, id=16344, stack(0x0000000023360000,0x0000000023460000)]
  0x000000001a78e000 JavaThread "Build operations Thread 4" [_thread_blocked, id=17860, stack(0x0000000022fe0000,0x00000000230e0000)]
  0x000000001a78f800 JavaThread "Build operations Thread 3" [_thread_blocked, id=10980, stack(0x0000000022ee0000,0x0000000022fe0000)]
  0x000000001a78b000 JavaThread "Build operations Thread 2" [_thread_blocked, id=13492, stack(0x0000000022de0000,0x0000000022ee0000)]
  0x000000001a790800 JavaThread "Build operations" [_thread_blocked, id=244, stack(0x0000000021a40000,0x0000000021b40000)]
  0x000000001b056800 JavaThread "Cache worker for execution history cache (C:\Users\Admin\.gradle\caches\6.1.1\executionHistory)" [_thread_blocked, id=15136, stack(0x0000000020f40000,0x0000000021040000)]
  0x000000001b052800 JavaThread "Cache worker for cache directory md-rule (C:\Users\Admin\.gradle\caches\6.1.1\md-rule)" [_thread_blocked, id=12004, stack(0x0000000020e40000,0x0000000020f40000)]
  0x000000001b053800 JavaThread "Cache worker for cache directory md-supplier (C:\Users\Admin\.gradle\caches\6.1.1\md-supplier)" [_thread_blocked, id=12008, stack(0x000000001faa0000,0x000000001fba0000)]
  0x000000001b052000 JavaThread "Cache worker for file hash cache (C:\Users\Admin\AndroidStudioProjects\GeoSolve\.gradle\6.1.1\fileHashes)" [_thread_blocked, id=15508, stack(0x000000001f600000,0x000000001f700000)]
  0x000000001b051000 JavaThread "Cache worker for checksums cache (C:\Users\Admin\AndroidStudioProjects\GeoSolve\.gradle\checksums)" [_thread_blocked, id=9580, stack(0x000000001f9a0000,0x000000001faa0000)]
  0x000000001b055000 JavaThread "Cache worker for file hash cache (C:\Users\Admin\.gradle\caches\6.1.1\fileHashes)" [_thread_blocked, id=13208, stack(0x000000001d360000,0x000000001d460000)]
  0x000000001b054000 JavaThread "File lock request listener" [_thread_in_native, id=488, stack(0x000000001d260000,0x000000001d360000)]
  0x000000001b27d000 JavaThread "Cache worker for journal cache (C:\Users\Admin\.gradle\caches\journal-1)" [_thread_blocked, id=16796, stack(0x000000001d060000,0x000000001d160000)]
  0x000000001b158000 JavaThread "Thread-9" [_thread_blocked, id=11660, stack(0x000000001cd60000,0x000000001ce60000)]
  0x000000001b166800 JavaThread "Stdin handler" [_thread_blocked, id=12576, stack(0x000000001cc60000,0x000000001cd60000)]
  0x000000001b199000 JavaThread "Asynchronous log dispatcher for DefaultDaemonConnection: socket connection from /127.0.0.1:56477 to /127.0.0.1:56478" [_thread_blocked, id=19368, stack(0x000000001cb60000,0x000000001cc60000)]
  0x000000001b192800 JavaThread "Daemon worker" [_thread_in_vm, id=10928, stack(0x000000001ca60000,0x000000001cb60000)]
  0x000000001b156000 JavaThread "Cancel handler" [_thread_blocked, id=18400, stack(0x000000001c960000,0x000000001ca60000)]
  0x000000001b138000 JavaThread "Handler for socket connection from /127.0.0.1:56477 to /127.0.0.1:56478" [_thread_in_native, id=1692, stack(0x000000001c660000,0x000000001c760000)]
  0x000000001b134800 JavaThread "Daemon" [_thread_blocked, id=19072, stack(0x000000001c560000,0x000000001c660000)]
  0x000000001b14b800 JavaThread "Daemon periodic checks" [_thread_blocked, id=6808, stack(0x000000001c460000,0x000000001c560000)]
  0x000000001b0ae800 JavaThread "Incoming local TCP Connector on port 56477" [_thread_in_native, id=5184, stack(0x000000001c210000,0x000000001c310000)]
  0x000000001afc0000 JavaThread "Daemon health stats" [_thread_blocked, id=7240, stack(0x000000001bbd0000,0x000000001bcd0000)]
  0x0000000018d91000 JavaThread "Service Thread" daemon [_thread_blocked, id=3308, stack(0x0000000019230000,0x0000000019330000)]
  0x0000000016eb6000 JavaThread "C1 CompilerThread2" daemon [_thread_blocked, id=15956, stack(0x0000000019130000,0x0000000019230000)]
=>0x0000000016eaf000 JavaThread "C2 CompilerThread1" daemon [_thread_in_native, id=10152, stack(0x0000000018c30000,0x0000000018d30000)]
  0x0000000016ead000 JavaThread "C2 CompilerThread0" daemon [_thread_in_native, id=11440, stack(0x0000000018b30000,0x0000000018c30000)]
  0x0000000016ea8800 JavaThread "Attach Listener" daemon [_thread_blocked, id=14560, stack(0x0000000018a30000,0x0000000018b30000)]
  0x0000000016ea6800 JavaThread "Signal Dispatcher" daemon [_thread_blocked, id=16252, stack(0x0000000018930000,0x0000000018a30000)]
  0x00000000032ec800 JavaThread "Finalizer" daemon [_thread_blocked, id=6804, stack(0x0000000018720000,0x0000000018820000)]
  0x0000000016e8b000 JavaThread "Reference Handler" daemon [_thread_blocked, id=19316, stack(0x0000000018620000,0x0000000018720000)]
  0x00000000031ee000 JavaThread "main" [_thread_blocked, id=5196, stack(0x0000000003070000,0x0000000003170000)]

Other Threads:
  0x0000000016e67800 VMThread [stack: 0x0000000018520000,0x0000000018620000] [id=11752]
  0x0000000018d93000 WatcherThread [stack: 0x0000000019330000,0x0000000019430000] [id=18716]

VM state:not at safepoint (normal execution)

VM Mutex/Monitor currently owned by a thread: None

heap address: 0x00000000a0000000, size: 1536 MB, Compressed Oops mode: 32-bit
Narrow klass base: 0x0000000000000000, Narrow klass shift: 3
Compressed class space size: 1073741824 Address: 0x0000000100000000

Heap:
 PSYoungGen      total 240640K, used 66888K [0x00000000e0000000, 0x00000000ef900000, 0x0000000100000000)
  eden space 226304K, 23% used [0x00000000e0000000,0x00000000e33527b8,0x00000000edd00000)
  from space 14336K, 99% used [0x00000000edd00000,0x00000000eeaff980,0x00000000eeb00000)
  to   space 12800K, 0% used [0x00000000eec80000,0x00000000eec80000,0x00000000ef900000)
 ParOldGen       total 135680K, used 26246K [0x00000000a0000000, 0x00000000a8480000, 0x00000000e0000000)
  object space 135680K, 19% used [0x00000000a0000000,0x00000000a19a1ab0,0x00000000a8480000)
 Metaspace       used 55134K, capacity 57166K, committed 57384K, reserved 1099776K
  class space    used 7435K, capacity 7899K, committed 7976K, reserved 1048576K

Card table byte_map: [0x00000000126b0000,0x00000000129c0000] byte_map_base: 0x00000000121b0000

Marking Bits: (ParMarkBitMap*) 0x000000005f7ff030
 Begin Bits: [0x00000000131c0000, 0x00000000149c0000)
 End Bits:   [0x00000000149c0000, 0x00000000161c0000)

Polling page: 0x00000000017c0000

CodeCache: size=245760Kb used=17885Kb max_used=17885Kb free=227874Kb
 bounds [0x00000000032f0000, 0x0000000004470000, 0x00000000122f0000]
 total_blobs=5733 nmethods=4959 adapters=686
 compilation: enabled

Compilation events (10 events):
Event: 5.659 Thread 0x0000000016eb6000 4987       3       org.gradle.api.internal.project.DefaultProject::identityPath (9 bytes)
Event: 5.659 Thread 0x0000000016eb6000 nmethod 4987 0x000000000446aad0 code [0x000000000446ac40, 0x000000000446ae98]
Event: 5.659 Thread 0x0000000016eb6000 4988       3       org.gradle.api.internal.project.DefaultProject::projectPath (9 bytes)
Event: 5.659 Thread 0x0000000016eb6000 nmethod 4988 0x000000000446af90 code [0x000000000446b100, 0x000000000446b2a8]
Event: 5.659 Thread 0x0000000016eb6000 4989       1       com.android.builder.core.VariantTypeImpl::isForTesting (5 bytes)
Event: 5.659 Thread 0x0000000016eb6000 nmethod 4989 0x000000000446b390 code [0x000000000446b4e0, 0x000000000446b5f0]
Event: 5.660 Thread 0x0000000016eb6000 4990       1       com.android.build.gradle.internal.tasks.factory.VariantTaskCreationAction::getVariantScope (5 bytes)
Event: 5.660 Thread 0x0000000016eb6000 nmethod 4990 0x000000000446b650 code [0x000000000446b7a0, 0x000000000446b8b0]
Event: 5.660 Thread 0x0000000016eb6000 4991       3       java.lang.invoke.MethodHandles$Lookup::resolveOrFail (39 bytes)
Event: 5.661 Thread 0x0000000016eb6000 nmethod 4991 0x000000000446b910 code [0x000000000446bb20, 0x000000000446c948]

GC Heap History (10 events):
Event: 2.103 GC heap before
{Heap before GC invocations=5 (full 1):
 PSYoungGen      total 141824K, used 7823K [0x00000000e0000000, 0x00000000e9500000, 0x0000000100000000)
  eden space 131072K, 0% used [0x00000000e0000000,0x00000000e0000000,0x00000000e8000000)
  from space 10752K, 72% used [0x00000000e8a80000,0x00000000e9223e28,0x00000000e9500000)
  to   space 10752K, 0% used [0x00000000e8000000,0x00000000e8000000,0x00000000e8a80000)
 ParOldGen       total 175104K, used 1277K [0x00000000a0000000, 0x00000000aab00000, 0x00000000e0000000)
  object space 175104K, 0% used [0x00000000a0000000,0x00000000a013f448,0x00000000aab00000)
 Metaspace       used 20580K, capacity 21230K, committed 21296K, reserved 1067008K
  class space    used 2894K, capacity 3097K, committed 3120K, reserved 1048576K
Event: 2.124 GC heap after
Heap after GC invocations=5 (full 1):
 PSYoungGen      total 141824K, used 0K [0x00000000e0000000, 0x00000000e9500000, 0x0000000100000000)
  eden space 131072K, 0% used [0x00000000e0000000,0x00000000e0000000,0x00000000e8000000)
  from space 10752K, 0% used [0x00000000e8a80000,0x00000000e8a80000,0x00000000e9500000)
  to   space 10752K, 0% used [0x00000000e8000000,0x00000000e8000000,0x00000000e8a80000)
 ParOldGen       total 90624K, used 7710K [0x00000000a0000000, 0x00000000a5880000, 0x00000000e0000000)
  object space 90624K, 8% used [0x00000000a0000000,0x00000000a0787998,0x00000000a5880000)
 Metaspace       used 20580K, capacity 21230K, committed 21296K, reserved 1067008K
  class space    used 2894K, capacity 3097K, committed 3120K, reserved 1048576K
}
Event: 2.996 GC heap before
{Heap before GC invocations=6 (full 1):
 PSYoungGen      total 141824K, used 131072K [0x00000000e0000000, 0x00000000e9500000, 0x0000000100000000)
  eden space 131072K, 100% used [0x00000000e0000000,0x00000000e8000000,0x00000000e8000000)
  from space 10752K, 0% used [0x00000000e8a80000,0x00000000e8a80000,0x00000000e9500000)
  to   space 10752K, 0% used [0x00000000e8000000,0x00000000e8000000,0x00000000e8a80000)
 ParOldGen       total 90624K, used 7710K [0x00000000a0000000, 0x00000000a5880000, 0x00000000e0000000)
  object space 90624K, 8% used [0x00000000a0000000,0x00000000a0787998,0x00000000a5880000)
 Metaspace       used 32054K, capacity 32934K, committed 33072K, reserved 1077248K
  class space    used 4343K, capacity 4626K, committed 4656K, reserved 1048576K
Event: 3.010 GC heap after
Heap after GC invocations=6 (full 1):
 PSYoungGen      total 141824K, used 10742K [0x00000000e0000000, 0x00000000efb00000, 0x0000000100000000)
  eden space 131072K, 0% used [0x00000000e0000000,0x00000000e0000000,0x00000000e8000000)
  from space 10752K, 99% used [0x00000000e8000000,0x00000000e8a7db00,0x00000000e8a80000)
  to   space 14848K, 0% used [0x00000000eec80000,0x00000000eec80000,0x00000000efb00000)
 ParOldGen       total 90624K, used 9743K [0x00000000a0000000, 0x00000000a5880000, 0x00000000e0000000)
  object space 90624K, 10% used [0x00000000a0000000,0x00000000a0983eb8,0x00000000a5880000)
 Metaspace       used 32054K, capacity 32934K, committed 33072K, reserved 1077248K
  class space    used 4343K, capacity 4626K, committed 4656K, reserved 1048576K
}
Event: 3.337 GC heap before
{Heap before GC invocations=7 (full 1):
 PSYoungGen      total 141824K, used 59277K [0x00000000e0000000, 0x00000000efb00000, 0x0000000100000000)
  eden space 131072K, 37% used [0x00000000e0000000,0x00000000e2f65c78,0x00000000e8000000)
  from space 10752K, 99% used [0x00000000e8000000,0x00000000e8a7db00,0x00000000e8a80000)
  to   space 14848K, 0% used [0x00000000eec80000,0x00000000eec80000,0x00000000efb00000)
 ParOldGen       total 90624K, used 9743K [0x00000000a0000000, 0x00000000a5880000, 0x00000000e0000000)
  object space 90624K, 10% used [0x00000000a0000000,0x00000000a0983eb8,0x00000000a5880000)
 Metaspace       used 34484K, capacity 35430K, committed 35496K, reserved 1079296K
  class space    used 4695K, capacity 4978K, committed 5032K, reserved 1048576K
Event: 3.345 GC heap after
Heap after GC invocations=7 (full 1):
 PSYoungGen      total 239104K, used 9965K [0x00000000e0000000, 0x00000000ef900000, 0x0000000100000000)
  eden space 226304K, 0% used [0x00000000e0000000,0x00000000e0000000,0x00000000edd00000)
  from space 12800K, 77% used [0x00000000eec80000,0x00000000ef63b5d0,0x00000000ef900000)
  to   space 14336K, 0% used [0x00000000edd00000,0x00000000edd00000,0x00000000eeb00000)
 ParOldGen       total 90624K, used 9751K [0x00000000a0000000, 0x00000000a5880000, 0x00000000e0000000)
  object space 90624K, 10% used [0x00000000a0000000,0x00000000a0985eb8,0x00000000a5880000)
 Metaspace       used 34484K, capacity 35430K, committed 35496K, reserved 1079296K
  class space    used 4695K, capacity 4978K, committed 5032K, reserved 1048576K
}
Event: 3.345 GC heap before
{Heap before GC invocations=8 (full 2):
 PSYoungGen      total 239104K, used 9965K [0x00000000e0000000, 0x00000000ef900000, 0x0000000100000000)
  eden space 226304K, 0% used [0x00000000e0000000,0x00000000e0000000,0x00000000edd00000)
  from space 12800K, 77% used [0x00000000eec80000,0x00000000ef63b5d0,0x00000000ef900000)
  to   space 14336K, 0% used [0x00000000edd00000,0x00000000edd00000,0x00000000eeb00000)
 ParOldGen       total 90624K, used 9751K [0x00000000a0000000, 0x00000000a5880000, 0x00000000e0000000)
  object space 90624K, 10% used [0x00000000a0000000,0x00000000a0985eb8,0x00000000a5880000)
 Metaspace       used 34484K, capacity 35430K, committed 35496K, reserved 1079296K
  class space    used 4695K, capacity 4978K, committed 5032K, reserved 1048576K
Event: 3.382 GC heap after
Heap after GC invocations=8 (full 2):
 PSYoungGen      total 239104K, used 0K [0x00000000e0000000, 0x00000000ef900000, 0x0000000100000000)
  eden space 226304K, 0% used [0x00000000e0000000,0x00000000e0000000,0x00000000edd00000)
  from space 12800K, 0% used [0x00000000eec80000,0x00000000eec80000,0x00000000ef900000)
  to   space 14336K, 0% used [0x00000000edd00000,0x00000000edd00000,0x00000000eeb00000)
 ParOldGen       total 135680K, used 17085K [0x00000000a0000000, 0x00000000a8480000, 0x00000000e0000000)
  object space 135680K, 12% used [0x00000000a0000000,0x00000000a10af508,0x00000000a8480000)
 Metaspace       used 34484K, capacity 35430K, committed 35496K, reserved 1079296K
  class space    used 4695K, capacity 4978K, committed 5032K, reserved 1048576K
}
Event: 5.323 GC heap before
{Heap before GC invocations=9 (full 2):
 PSYoungGen      total 239104K, used 226304K [0x00000000e0000000, 0x00000000ef900000, 0x0000000100000000)
  eden space 226304K, 100% used [0x00000000e0000000,0x00000000edd00000,0x00000000edd00000)
  from space 12800K, 0% used [0x00000000eec80000,0x00000000eec80000,0x00000000ef900000)
  to   space 14336K, 0% used [0x00000000edd00000,0x00000000edd00000,0x00000000eeb00000)
 ParOldGen       total 135680K, used 17085K [0x00000000a0000000, 0x00000000a8480000, 0x00000000e0000000)
  object space 135680K, 12% used [0x00000000a0000000,0x00000000a10af508,0x00000000a8480000)
 Metaspace       used 51941K, capacity 53790K, committed 54056K, reserved 1095680K
  class space    used 6913K, capacity 7347K, committed 7464K, reserved 1048576K
Event: 5.339 GC heap after
Heap after GC invocations=9 (full 2):
 PSYoungGen      total 240640K, used 14334K [0x00000000e0000000, 0x00000000ef900000, 0x0000000100000000)
  eden space 226304K, 0% used [0x00000000e0000000,0x00000000e0000000,0x00000000edd00000)
  from space 14336K, 99% used [0x00000000edd00000,0x00000000eeaff980,0x00000000eeb00000)
  to   space 12800K, 0% used [0x00000000eec80000,0x00000000eec80000,0x00000000ef900000)
 ParOldGen       total 135680K, used 26246K [0x00000000a0000000, 0x00000000a8480000, 0x00000000e0000000)
  object space 135680K, 19% used [0x00000000a0000000,0x00000000a19a1ab0,0x00000000a8480000)
 Metaspace       used 51941K, capacity 53790K, committed 54056K, reserved 1095680K
  class space    used 6913K, capacity 7347K, committed 7464K, reserved 1048576K
}

Deoptimization events (10 events):
Event: 4.602 Thread 0x000000001b192800 Uncommon trap: reason=unstable_if action=reinterpret pc=0x0000000003d747ac method=java.util.jar.JarFile.maybeInstantiateVerifier()V @ 4
Event: 4.602 Thread 0x000000001b192800 Uncommon trap: reason=unstable_if action=reinterpret pc=0x0000000004155754 method=java.security.CodeSource.matchCerts(Ljava/security/CodeSource;Z)Z @ 11
Event: 4.716 Thread 0x000000001b192800 Uncommon trap: reason=unstable_if action=reinterpret pc=0x00000000039b6ce8 method=org.objectweb.asm.ByteVector.putUTF8(Ljava/lang/String;)Lorg/objectweb/asm/ByteVector; @ 93
Event: 5.037 Thread 0x000000001b192800 Uncommon trap: reason=unstable_if action=reinterpret pc=0x000000000419ee28 method=org.gradle.internal.reflect.PropertyAccessorType.of(Ljava/lang/reflect/Method;)Lorg/gradle/internal/reflect/PropertyAccessorType; @ 56
Event: 5.193 Thread 0x000000001b192800 Uncommon trap: reason=unstable_if action=reinterpret pc=0x00000000034bf1d4 method=java.lang.String.replace(CC)Ljava/lang/String; @ 2
Event: 5.195 Thread 0x000000001b192800 Uncommon trap: reason=unstable_if action=reinterpret pc=0x0000000004213c40 method=groovy.lang.MetaClassImpl$1MOPIter.methodNameAction(Ljava/lang/Class;Lorg/codehaus/groovy/runtime/metaclass/MetaMethodIndex$Entry;)V @ 182
Event: 5.260 Thread 0x000000001b192800 Uncommon trap: reason=unstable_if action=reinterpret pc=0x00000000036befa4 method=java.lang.String.lastIndexOf([CII[CIII)I @ 17
Event: 5.260 Thread 0x000000001b192800 Uncommon trap: reason=unstable_if action=reinterpret pc=0x0000000003f43df0 method=sun.net.www.protocol.jar.Handler.parseURL(Ljava/net/URL;Ljava/lang/String;II)V @ 116
Event: 5.269 Thread 0x000000001b192800 Uncommon trap: reason=unstable_if action=reinterpret pc=0x00000000042b0444 method=java.util.concurrent.ConcurrentHashMap.putVal(Ljava/lang/Object;Ljava/lang/Object;Z)Ljava/lang/Object; @ 195
Event: 5.383 Thread 0x000000001b192800 Uncommon trap: reason=unstable_if action=reinterpret pc=0x00000000037e87e0 method=java.util.WeakHashMap.expungeStaleEntries()V @ 66

Classes redefined (0 events):
No events

Internal exceptions (10 events):
Event: 5.423 Thread 0x000000001b192800 Exception <a 'java/lang/ClassNotFoundException': org/gradle/api/internal/file/collections/DefaultConfigurableFileTreeCustomizer> (0x00000000e1a782e8) thrown at [C:\src\AOSP-openjdk-git\hotspot\src\share\vm\classfile\systemDictionary.cpp, line 210]
Event: 5.425 Thread 0x000000001b192800 Exception <a 'java/lang/ClassNotFoundException': org/gradle/api/plugins/internal/DefaultBasePluginConventionBeanInfo> (0x00000000e1b391f8) thrown at [C:\src\AOSP-openjdk-git\hotspot\src\share\vm\classfile\systemDictionary.cpp, line 210]
Event: 5.426 Thread 0x000000001b192800 Exception <a 'java/lang/ClassNotFoundException': org/gradle/api/plugins/BasePluginConventionBeanInfo> (0x00000000e1b862f0) thrown at [C:\src\AOSP-openjdk-git\hotspot\src\share\vm\classfile\systemDictionary.cpp, line 210]
Event: 5.426 Thread 0x000000001b192800 Exception <a 'java/lang/ClassNotFoundException': org/gradle/api/plugins/BasePluginConventionCustomizer> (0x00000000e1bd47f0) thrown at [C:\src\AOSP-openjdk-git\hotspot\src\share\vm\classfile\systemDictionary.cpp, line 210]
Event: 5.428 Thread 0x000000001b192800 Exception <a 'java/lang/ClassNotFoundException': org/gradle/api/plugins/internal/DefaultBasePluginConventionCustomizer> (0x00000000e1c46e40) thrown at [C:\src\AOSP-openjdk-git\hotspot\src\share\vm\classfile\systemDictionary.cpp, line 210]
Event: 5.430 Thread 0x000000001b192800 Exception <a 'java/lang/ClassNotFoundException': org/gradle/api/plugins/internal/DefaultJavaPluginConventionBeanInfo> (0x00000000e1cfcc20) thrown at [C:\src\AOSP-openjdk-git\hotspot\src\share\vm\classfile\systemDictionary.cpp, line 210]
Event: 5.431 Thread 0x000000001b192800 Exception <a 'java/lang/ClassNotFoundException': org/gradle/api/plugins/JavaPluginConventionBeanInfo> (0x00000000e1d49c98) thrown at [C:\src\AOSP-openjdk-git\hotspot\src\share\vm\classfile\systemDictionary.cpp, line 210]
Event: 5.432 Thread 0x000000001b192800 Exception <a 'java/lang/ClassNotFoundException': org/gradle/api/plugins/JavaPluginConventionCustomizer> (0x00000000e1d98198) thrown at [C:\src\AOSP-openjdk-git\hotspot\src\share\vm\classfile\systemDictionary.cpp, line 210]
Event: 5.433 Thread 0x000000001b192800 Exception <a 'java/lang/ClassNotFoundException': org/gradle/api/plugins/internal/DefaultJavaPluginConventionCustomizer> (0x00000000e1e131f8) thrown at [C:\src\AOSP-openjdk-git\hotspot\src\share\vm\classfile\systemDictionary.cpp, line 210]
Event: 5.503 Thread 0x000000001b192800 Exception <a 'java/lang/NoSuchMethodError': java.lang.Object.lambda$comparingInt$7b0bb60$1(Ljava/util/function/ToIntFunction;Ljava/lang/Object;Ljava/lang/Object;)I> (0x00000000e24f6540) thrown at [C:\src\AOSP-openjdk-git\hotspot\src\share\vm\interpreter\l

Events (10 events):
Event: 5.661 loading class com/android/build/gradle/internal/dependency/SubtractingArtifactCollection
Event: 5.661 loading class com/android/build/gradle/internal/dependency/SubtractingArtifactCollection done
Event: 5.662 loading class com/android/build/gradle/internal/dependency/SubtractingArtifactCollection$artifactResults$2
Event: 5.662 loading class com/android/build/gradle/internal/dependency/SubtractingArtifactCollection$artifactResults$2 done
Event: 5.662 loading class com/android/build/gradle/internal/dependency/SubtractingArtifactCollection$artifactFileSet$2
Event: 5.662 loading class com/android/build/gradle/internal/dependency/SubtractingArtifactCollection$artifactFileSet$2 done
Event: 5.662 loading class com/android/build/gradle/internal/dependency/SubtractingArtifactCollection$fileCollection$1
Event: 5.662 loading class com/android/build/gradle/internal/dependency/SubtractingArtifactCollection$fileCollection$1 done
Event: 5.663 loading class com/android/build/gradle/internal/dependency/ArtifactCollectionWithExtraArtifact
Event: 5.663 loading class com/android/build/gradle/internal/dependency/ArtifactCollectionWithExtraArtifact done


Dynamic libraries:
0x00007ff719400000 - 0x00007ff719431000 	C:\Program Files\Android\Android Studio\jre\bin\java.exe
0x00007ffde9880000 - 0x00007ffde9a70000 	C:\Windows\SYSTEM32\ntdll.dll
0x00007ffde8460000 - 0x00007ffde8512000 	C:\Windows\System32\KERNEL32.DLL
0x00007ffde7370000 - 0x00007ffde7614000 	C:\Windows\System32\KERNELBASE.dll
0x00007ffde7930000 - 0x00007ffde79d3000 	C:\Windows\System32\ADVAPI32.dll
0x00007ffde82b0000 - 0x00007ffde834e000 	C:\Windows\System32\msvcrt.dll
0x00007ffde83c0000 - 0x00007ffde8457000 	C:\Windows\System32\sechost.dll
0x00007ffde9720000 - 0x00007ffde9840000 	C:\Windows\System32\RPCRT4.dll
0x00007ffde7f20000 - 0x00007ffde80b4000 	C:\Windows\System32\USER32.dll
0x00007ffde6a30000 - 0x00007ffde6a51000 	C:\Windows\System32\win32u.dll
0x00007ffde8600000 - 0x00007ffde8626000 	C:\Windows\System32\GDI32.dll
0x00007ffde7710000 - 0x00007ffde78a6000 	C:\Windows\System32\gdi32full.dll
0x00007ffde7620000 - 0x00007ffde76be000 	C:\Windows\System32\msvcp_win.dll
0x00007ffde6800000 - 0x00007ffde68fa000 	C:\Windows\System32\ucrtbase.dll
0x00007ffdd0b70000 - 0x00007ffdd0df4000 	C:\Windows\WinSxS\amd64_microsoft.windows.common-controls_6595b64144ccf1df_6.0.18362.959_none_e6c7bbbf130c62bb\COMCTL32.dll
0x00007ffde93e0000 - 0x00007ffde9715000 	C:\Windows\System32\combase.dll
0x00007ffde78b0000 - 0x00007ffde7930000 	C:\Windows\System32\bcryptPrimitives.dll
0x00007ffde8a60000 - 0x00007ffde8a8e000 	C:\Windows\System32\IMM32.DLL
0x000000005fc50000 - 0x000000005fd22000 	C:\Program Files\Android\Android Studio\jre\jre\bin\msvcr100.dll
0x000000005f030000 - 0x000000005f87b000 	C:\Program Files\Android\Android Studio\jre\jre\bin\server\jvm.dll
0x00007ffde8a90000 - 0x00007ffde8a98000 	C:\Windows\System32\PSAPI.DLL
0x00007ffdcf110000 - 0x00007ffdcf119000 	C:\Windows\SYSTEM32\WSOCK32.dll
0x00007ffde8970000 - 0x00007ffde89df000 	C:\Windows\System32\WS2_32.dll
0x00007ffde4610000 - 0x00007ffde4634000 	C:\Windows\SYSTEM32\WINMM.dll
0x00007ffde0460000 - 0x00007ffde046a000 	C:\Windows\SYSTEM32\VERSION.dll
0x00007ffde45b0000 - 0x00007ffde45dd000 	C:\Windows\SYSTEM32\WINMMBASE.dll
0x00007ffde76c0000 - 0x00007ffde770a000 	C:\Windows\System32\cfgmgr32.dll
0x00007ffde2990000 - 0x00007ffde299f000 	C:\Program Files\Android\Android Studio\jre\jre\bin\verify.dll
0x00007ffdd7090000 - 0x00007ffdd70b9000 	C:\Program Files\Android\Android Studio\jre\jre\bin\java.dll
0x00007ffde0df0000 - 0x00007ffde0e06000 	C:\Program Files\Android\Android Studio\jre\jre\bin\zip.dll
0x00007ffde8cd0000 - 0x00007ffde93b6000 	C:\Windows\System32\SHELL32.dll
0x00007ffde8200000 - 0x00007ffde82a9000 	C:\Windows\System32\shcore.dll
0x00007ffde6a60000 - 0x00007ffde71e2000 	C:\Windows\System32\windows.storage.dll
0x00007ffde67d0000 - 0x00007ffde67f3000 	C:\Windows\System32\profapi.dll
0x00007ffde6760000 - 0x00007ffde67aa000 	C:\Windows\System32\powrprof.dll
0x00007ffde6730000 - 0x00007ffde6740000 	C:\Windows\System32\UMPDC.dll
0x00007ffde8520000 - 0x00007ffde8572000 	C:\Windows\System32\shlwapi.dll
0x00007ffde6740000 - 0x00007ffde6751000 	C:\Windows\System32\kernel.appcore.dll
0x00007ffde6900000 - 0x00007ffde6917000 	C:\Windows\System32\cryptsp.dll
0x00007ffdd7070000 - 0x00007ffdd708a000 	C:\Program Files\Android\Android Studio\jre\jre\bin\net.dll
0x00007ffde5f40000 - 0x00007ffde5fa7000 	C:\Windows\system32\mswsock.dll
0x00007ffdd6e20000 - 0x00007ffdd6e33000 	C:\Program Files\Android\Android Studio\jre\jre\bin\nio.dll
0x00007ffdd13e0000 - 0x00007ffdd1406000 	C:\Users\Admin\.gradle\native\31\windows-amd64\native-platform.dll
0x00007ffde24e0000 - 0x00007ffde24ed000 	C:\Program Files\Android\Android Studio\jre\jre\bin\management.dll
0x00007ffde5ab0000 - 0x00007ffde5ae3000 	C:\Windows\system32\rsaenh.dll
0x00007ffde7340000 - 0x00007ffde7366000 	C:\Windows\System32\bcrypt.dll
0x00007ffde6650000 - 0x00007ffde6675000 	C:\Windows\SYSTEM32\USERENV.dll
0x00007ffde6170000 - 0x00007ffde617c000 	C:\Windows\SYSTEM32\CRYPTBASE.dll
0x00007ffde5c50000 - 0x00007ffde5c8a000 	C:\Windows\SYSTEM32\IPHLPAPI.DLL
0x00007ffde87e0000 - 0x00007ffde87e8000 	C:\Windows\System32\NSI.dll
0x00007ffde0710000 - 0x00007ffde0726000 	C:\Windows\SYSTEM32\dhcpcsvc6.DLL
0x00007ffde0560000 - 0x00007ffde057c000 	C:\Windows\SYSTEM32\dhcpcsvc.DLL
0x00007ffde5c90000 - 0x00007ffde5d5b000 	C:\Windows\SYSTEM32\DNSAPI.dll

VM Arguments:
jvm_args: -Xmx1536m -Dfile.encoding=windows-1251 -Duser.country=RU -Duser.language=ru -Duser.variant 
java_command: org.gradle.launcher.daemon.bootstrap.GradleDaemon 6.1.1
java_class_path (initial): C:\Users\Admin\.gradle\wrapper\dists\gradle-6.1.1-all\cfmwm155h49vnt3hynmlrsdst\gradle-6.1.1\lib\gradle-launcher-6.1.1.jar
Launcher Type: SUN_STANDARD

Environment Variables:
PATH=C:\ProgramData\Miniconda3;C:\ProgramData\Miniconda3\Library\mingw-w64\bin;C:\ProgramData\Miniconda3\Library\usr\bin;C:\ProgramData\Miniconda3\Library\bin;C:\ProgramData\Miniconda3\Scripts;C:\Windows\system32;C:\Windows;C:\Windows\System32\Wbem;C:\Windows\System32\WindowsPowerShell\v1.0\;C:\Windows\System32\OpenSSH\;C:\Program Files\NVIDIA Corporation\NVIDIA NvDLISR;C:\Program Files (x86)\NVIDIA Corporation\PhysX\Common;C:\Program Files\Git\cmd;C:\Users\Admin\AppData\Local\Programs\Python\Python38-32\Scripts\;C:\Users\Admin\AppData\Local\Programs\Python\Python38-32\;C:\Users\Admin\AppData\Local\Microsoft\WindowsApps;C:\Program Files\JetBrains\PyCharm Community Edition 2019.3.1\bin;C:\Program Files\JetBrains\WebStorm 2019.2.3\bin;C:\Users\Admin\AppData\Local\GitHubDesktop\bin;C:\Program Files\JetBrains\WebStorm 2019.2\bin;;C:\Program Files\JetBrains\IntelliJ IDEA 2019.2.4\bin;;C:\Program Files\JetBrains\IntelliJ IDEA Community Edition 2020.1\bin;
USERNAME=Admin
OS=Windows_NT
PROCESSOR_IDENTIFIER=Intel64 Family 6 Model 158 Stepping 10, GenuineIntel



---------------  S Y S T E M  ---------------

OS: Windows 10.0 , 64 bit Build 18362 (10.0.18362.959)

CPU:total 6 (initial active 6) (6 cores per cpu, 1 threads per core) family 6 model 158 stepping 10, cmov, cx8, fxsr, mmx, sse, sse2, sse3, ssse3, sse4.1, sse4.2, popcnt, avx, avx2, aes, clmul, erms, 3dnowpref, lzcnt, tsc, tscinvbit, bmi1, bmi2, adx

Memory: 4k page, physical 16705448k(4514828k free), swap 19710888k(6208k free)

vm_info: OpenJDK 64-Bit Server VM (25.242-b01) for windows-amd64 JRE (1.8.0_242-release-1644-b01), built by "builder" with MS VC++ 10.0 (VS2010)

time: Sun Jul 26 11:28:58 2020
timezone: RTZ 2 (зима)
elapsed time: 5 seconds (0d 0h 0m 5s)

