#
# There is insufficient memory for the Java Runtime Environment to continue.
# Native memory allocation (malloc) failed to allocate 724016 bytes for Chunk::new
# Possible reasons:
#   The system is out of physical RAM or swap space
#   The process is running with CompressedOops enabled, and the Java Heap may be blocking the growth of the native heap
# Possible solutions:
#   Reduce memory load on the system
#   Increase physical memory or swap space
#   Check if swap backing store is full
#   Decrease Java heap size (-Xmx/-Xms)
#   Decrease number of Java threads
#   Decrease Java thread stack sizes (-Xss)
#   Set larger code cache with -XX:ReservedCodeCacheSize=
#   JVM is running with Unscaled Compressed Oops mode in which the Java heap is
#     placed in the first 4GB address space. The Java Heap base address is the
#     maximum limit for the native heap growth. Please use -XX:HeapBaseMinAddress
#     to set the Java Heap base and to place the Java Heap above 4GB virtual address.
# This output file may be truncated or incomplete.
#
#  Out of Memory Error (allocation.cpp:389), pid=15020, tid=0x000000000000115c
#
# JRE version: OpenJDK Runtime Environment (8.0_242-b01) (build 1.8.0_242-release-1644-b01)
# Java VM: OpenJDK 64-Bit Server VM (25.242-b01 mixed mode windows-amd64 compressed oops)
# Failed to write core dump. Minidumps are not enabled by default on client versions of Windows
#

---------------  T H R E A D  ---------------

Current thread (0x00000000166fe000):  JavaThread "C2 CompilerThread0" daemon [_thread_in_native, id=4444, stack(0x0000000018380000,0x0000000018480000)]

Stack: [0x0000000018380000,0x0000000018480000]
[error occurred during error reporting (printing stack bounds), id 0xc0000005]

Native frames: (J=compiled Java code, j=interpreted, Vv=VM code, C=native code)


Current CompileTask:
C2:   9629 5567       4       java.net.URLClassLoader$1::run (5 bytes)


---------------  P R O C E S S  ---------------

Java Threads: ( => current thread )
  0x000000001ade8000 JavaThread "Memory manager" [_thread_blocked, id=572, stack(0x0000000024e00000,0x0000000024f00000)]
  0x000000001adea000 JavaThread "Cache worker for Build Output Cleanup Cache (C:\Users\Admin\AndroidStudioProjects\GeoSolve\.gradle\buildOutputCleanup)" [_thread_blocked, id=10864, stack(0x0000000023330000,0x0000000023430000)]
  0x000000001adee000 JavaThread "Build operations Thread 6" [_thread_blocked, id=11008, stack(0x0000000022c30000,0x0000000022d30000)]
  0x000000001adec800 JavaThread "Build operations Thread 5" [_thread_blocked, id=18464, stack(0x0000000022b30000,0x0000000022c30000)]
  0x000000001ade6800 JavaThread "Build operations Thread 4" [_thread_blocked, id=7160, stack(0x0000000022a30000,0x0000000022b30000)]
  0x000000001ade9800 JavaThread "Build operations Thread 3" [_thread_blocked, id=14216, stack(0x0000000022930000,0x0000000022a30000)]
  0x000000001adeb800 JavaThread "Build operations Thread 2" [_thread_blocked, id=6112, stack(0x0000000022830000,0x0000000022930000)]
  0x000000001aded000 JavaThread "Build operations" [_thread_blocked, id=16360, stack(0x00000000220f0000,0x00000000221f0000)]
  0x000000001a796800 JavaThread "Cache worker for execution history cache (C:\Users\Admin\.gradle\caches\6.1.1\executionHistory)" [_thread_blocked, id=568, stack(0x0000000020820000,0x0000000020920000)]
  0x000000001a795000 JavaThread "Cache worker for cache directory md-rule (C:\Users\Admin\.gradle\caches\6.1.1\md-rule)" [_thread_blocked, id=13916, stack(0x0000000020390000,0x0000000020490000)]
  0x000000001a798800 JavaThread "Cache worker for cache directory md-supplier (C:\Users\Admin\.gradle\caches\6.1.1\md-supplier)" [_thread_blocked, id=19380, stack(0x0000000020290000,0x0000000020390000)]
  0x000000001a798000 JavaThread "Cache worker for file hash cache (C:\Users\Admin\AndroidStudioProjects\GeoSolve\.gradle\6.1.1\fileHashes)" [_thread_blocked, id=5848, stack(0x0000000020520000,0x0000000020620000)]
  0x000000001a799800 JavaThread "Cache worker for checksums cache (C:\Users\Admin\AndroidStudioProjects\GeoSolve\.gradle\checksums)" [_thread_blocked, id=15896, stack(0x000000001f100000,0x000000001f200000)]
  0x000000001a797000 JavaThread "Cache worker for file hash cache (C:\Users\Admin\.gradle\caches\6.1.1\fileHashes)" [_thread_blocked, id=1728, stack(0x000000001cbb0000,0x000000001ccb0000)]
  0x000000001a79a000 JavaThread "File lock request listener" [_thread_in_native, id=15036, stack(0x000000001cab0000,0x000000001cbb0000)]
  0x000000001a82d000 JavaThread "Cache worker for journal cache (C:\Users\Admin\.gradle\caches\journal-1)" [_thread_blocked, id=18060, stack(0x000000001c8b0000,0x000000001c9b0000)]
  0x000000001a6da000 JavaThread "Thread-9" [_thread_blocked, id=17024, stack(0x000000001c5b0000,0x000000001c6b0000)]
  0x000000001a6f1000 JavaThread "Stdin handler" [_thread_blocked, id=2980, stack(0x000000001c4b0000,0x000000001c5b0000)]
  0x000000001a6f0000 JavaThread "Asynchronous log dispatcher for DefaultDaemonConnection: socket connection from /127.0.0.1:56078 to /127.0.0.1:56079" [_thread_blocked, id=18984, stack(0x000000001c3b0000,0x000000001c4b0000)]
  0x000000001a7b3800 JavaThread "Daemon worker" [_thread_in_Java, id=2992, stack(0x000000001c2b0000,0x000000001c3b0000)]
  0x000000001a6f2000 JavaThread "Cancel handler" [_thread_blocked, id=6340, stack(0x000000001c1b0000,0x000000001c2b0000)]
  0x000000001a706000 JavaThread "Handler for socket connection from /127.0.0.1:56078 to /127.0.0.1:56079" [_thread_in_native, id=18948, stack(0x000000001beb0000,0x000000001bfb0000)]
  0x000000001a702800 JavaThread "Daemon" [_thread_blocked, id=17392, stack(0x000000001bdb0000,0x000000001beb0000)]
  0x000000001a6cf000 JavaThread "Daemon periodic checks" [_thread_blocked, id=8516, stack(0x000000001bcb0000,0x000000001bdb0000)]
  0x000000001a67b800 JavaThread "Incoming local TCP Connector on port 56078" [_thread_in_native, id=7220, stack(0x000000001ba60000,0x000000001bb60000)]
  0x000000001a5b8800 JavaThread "Daemon health stats" [_thread_blocked, id=15724, stack(0x000000001b420000,0x000000001b520000)]
  0x00000000184ca000 JavaThread "Service Thread" daemon [_thread_blocked, id=14596, stack(0x0000000018a80000,0x0000000018b80000)]
  0x00000000184c0800 JavaThread "C1 CompilerThread2" daemon [_thread_in_native, id=4576, stack(0x0000000018980000,0x0000000018a80000)]
  0x000000001670d800 JavaThread "C2 CompilerThread1" daemon [_thread_in_native, id=2060, stack(0x0000000018880000,0x0000000018980000)]
=>0x00000000166fe000 JavaThread "C2 CompilerThread0" daemon [_thread_in_native, id=4444, stack(0x0000000018380000,0x0000000018480000)]
  0x00000000166f9800 JavaThread "Attach Listener" daemon [_thread_blocked, id=9144, stack(0x0000000018280000,0x0000000018380000)]
  0x00000000166f7800 JavaThread "Signal Dispatcher" daemon [_thread_blocked, id=7792, stack(0x0000000018180000,0x0000000018280000)]
  0x0000000002b36800 JavaThread "Finalizer" daemon [_thread_blocked, id=6632, stack(0x0000000017f70000,0x0000000018070000)]
  0x00000000166db000 JavaThread "Reference Handler" daemon [_thread_blocked, id=15648, stack(0x0000000017e70000,0x0000000017f70000)]
  0x00000000026fe000 JavaThread "main" [_thread_blocked, id=19292, stack(0x0000000002940000,0x0000000002a40000)]

Other Threads:
  0x00000000166b7800 VMThread [stack: 0x0000000017d70000,0x0000000017e70000] [id=17120]
  0x00000000184cb000 WatcherThread [stack: 0x0000000018b80000,0x0000000018c80000] [id=5384]

VM state:not at safepoint (normal execution)

VM Mutex/Monitor currently owned by a thread: None

heap address: 0x00000000a0000000, size: 1536 MB, Compressed Oops mode: 32-bit
Narrow klass base: 0x0000000000000000, Narrow klass shift: 3
Compressed class space size: 1073741824 Address: 0x0000000100000000

Heap:
 PSYoungGen      total 272896K, used 30379K [0x00000000e0000000, 0x00000000f4d80000, 0x0000000100000000)
  eden space 251904K, 12% used [0x00000000e0000000,0x00000000e1daad98,0x00000000ef600000)
  from space 20992K, 0% used [0x00000000ef600000,0x00000000ef600000,0x00000000f0a80000)
  to   space 10752K, 0% used [0x00000000f0a80000,0x00000000f0a80000,0x00000000f1500000)
 ParOldGen       total 103936K, used 35302K [0x00000000a0000000, 0x00000000a6580000, 0x00000000e0000000)
  object space 103936K, 33% used [0x00000000a0000000,0x00000000a22799d0,0x00000000a6580000)
 Metaspace       used 58270K, capacity 60392K, committed 60696K, reserved 1101824K
  class space    used 7933K, capacity 8411K, committed 8488K, reserved 1048576K

Card table byte_map: [0x0000000011f00000,0x0000000012210000] byte_map_base: 0x0000000011a00000

Marking Bits: (ParMarkBitMap*) 0x000000005f7ff030
 Begin Bits: [0x0000000012a10000, 0x0000000014210000)
 End Bits:   [0x0000000014210000, 0x0000000015a10000)

Polling page: 0x0000000000dd0000

CodeCache: size=245760Kb used=17070Kb max_used=17610Kb free=228689Kb
 bounds [0x0000000002b40000, 0x0000000003c90000, 0x0000000011b40000]
 total_blobs=5739 nmethods=4961 adapters=689
 compilation: enabled

Compilation events (10 events):
Event: 9.559 Thread 0x000000001670d800 5568   !   4       java.net.URLClassLoader$1::run (63 bytes)
Event: 9.603 Thread 0x00000000184c0800 5569       3       kotlin.reflect.jvm.internal.ReflectProperties::lazySoft (14 bytes)
Event: 9.603 Thread 0x00000000184c0800 nmethod 5569 0x000000000371b650 code [0x000000000371b7e0, 0x000000000371bae8]
Event: 9.610 Thread 0x00000000184c0800 5570       3       java.lang.reflect.AccessibleObject::setAccessible0 (42 bytes)
Event: 9.611 Thread 0x00000000184c0800 nmethod 5570 0x00000000032d04d0 code [0x00000000032d0660, 0x00000000032d0b68]
Event: 9.612 Thread 0x00000000184c0800 5571       3       sun.reflect.generics.parser.SignatureParser::parseZeroOrMoreTypeSignatures (174 bytes)
Event: 9.613 Thread 0x00000000184c0800 nmethod 5571 0x000000000342f890 code [0x000000000342fac0, 0x00000000034307f8]
Event: 9.618 Thread 0x00000000184c0800 5572       3       groovyjarjarasm.asm.SymbolTable$Entry::<init> (17 bytes)
Event: 9.618 Thread 0x00000000184c0800 nmethod 5572 0x0000000002daa010 code [0x0000000002daa180, 0x0000000002daa348]
Event: 9.621 Thread 0x00000000184c0800 5573       3       java.beans.Introspector::processPropertyDescriptors (959 bytes)

GC Heap History (10 events):
Event: 5.789 GC heap before
{Heap before GC invocations=6 (full 1):
 PSYoungGen      total 227328K, used 64483K [0x00000000e0000000, 0x00000000f1500000, 0x0000000100000000)
  eden space 216576K, 24% used [0x00000000e0000000,0x00000000e34801f0,0x00000000ed380000)
  from space 10752K, 99% used [0x00000000f0a80000,0x00000000f14f8cb8,0x00000000f1500000)
  to   space 10752K, 0% used [0x00000000f0000000,0x00000000f0000000,0x00000000f0a80000)
 ParOldGen       total 103936K, used 14111K [0x00000000a0000000, 0x00000000a6580000, 0x00000000e0000000)
  object space 103936K, 13% used [0x00000000a0000000,0x00000000a0dc7db0,0x00000000a6580000)
 Metaspace       used 34432K, capacity 35430K, committed 35496K, reserved 1079296K
  class space    used 4698K, capacity 4978K, committed 5032K, reserved 1048576K
Event: 5.801 GC heap after
Heap after GC invocations=6 (full 1):
 PSYoungGen      total 227328K, used 10001K [0x00000000e0000000, 0x00000000f1500000, 0x0000000100000000)
  eden space 216576K, 0% used [0x00000000e0000000,0x00000000e0000000,0x00000000ed380000)
  from space 10752K, 93% used [0x00000000f0000000,0x00000000f09c4420,0x00000000f0a80000)
  to   space 10752K, 0% used [0x00000000f0a80000,0x00000000f0a80000,0x00000000f1500000)
 ParOldGen       total 103936K, used 14119K [0x00000000a0000000, 0x00000000a6580000, 0x00000000e0000000)
  object space 103936K, 13% used [0x00000000a0000000,0x00000000a0dc9db0,0x00000000a6580000)
 Metaspace       used 34432K, capacity 35430K, committed 35496K, reserved 1079296K
  class space    used 4698K, capacity 4978K, committed 5032K, reserved 1048576K
}
Event: 5.801 GC heap before
{Heap before GC invocations=7 (full 2):
 PSYoungGen      total 227328K, used 10001K [0x00000000e0000000, 0x00000000f1500000, 0x0000000100000000)
  eden space 216576K, 0% used [0x00000000e0000000,0x00000000e0000000,0x00000000ed380000)
  from space 10752K, 93% used [0x00000000f0000000,0x00000000f09c4420,0x00000000f0a80000)
  to   space 10752K, 0% used [0x00000000f0a80000,0x00000000f0a80000,0x00000000f1500000)
 ParOldGen       total 103936K, used 14119K [0x00000000a0000000, 0x00000000a6580000, 0x00000000e0000000)
  object space 103936K, 13% used [0x00000000a0000000,0x00000000a0dc9db0,0x00000000a6580000)
 Metaspace       used 34432K, capacity 35430K, committed 35496K, reserved 1079296K
  class space    used 4698K, capacity 4978K, committed 5032K, reserved 1048576K
Event: 5.877 GC heap after
Heap after GC invocations=7 (full 2):
 PSYoungGen      total 227328K, used 0K [0x00000000e0000000, 0x00000000f1500000, 0x0000000100000000)
  eden space 216576K, 0% used [0x00000000e0000000,0x00000000e0000000,0x00000000ed380000)
  from space 10752K, 0% used [0x00000000f0000000,0x00000000f0000000,0x00000000f0a80000)
  to   space 10752K, 0% used [0x00000000f0a80000,0x00000000f0a80000,0x00000000f1500000)
 ParOldGen       total 103936K, used 17043K [0x00000000a0000000, 0x00000000a6580000, 0x00000000e0000000)
  object space 103936K, 16% used [0x00000000a0000000,0x00000000a10a4d40,0x00000000a6580000)
 Metaspace       used 34432K, capacity 35430K, committed 35496K, reserved 1079296K
  class space    used 4698K, capacity 4978K, committed 5032K, reserved 1048576K
}
Event: 8.066 GC heap before
{Heap before GC invocations=8 (full 2):
 PSYoungGen      total 227328K, used 216576K [0x00000000e0000000, 0x00000000f1500000, 0x0000000100000000)
  eden space 216576K, 100% used [0x00000000e0000000,0x00000000ed380000,0x00000000ed380000)
  from space 10752K, 0% used [0x00000000f0000000,0x00000000f0000000,0x00000000f0a80000)
  to   space 10752K, 0% used [0x00000000f0a80000,0x00000000f0a80000,0x00000000f1500000)
 ParOldGen       total 103936K, used 17043K [0x00000000a0000000, 0x00000000a6580000, 0x00000000e0000000)
  object space 103936K, 16% used [0x00000000a0000000,0x00000000a10a4d40,0x00000000a6580000)
 Metaspace       used 51013K, capacity 52858K, committed 53160K, reserved 1095680K
  class space    used 6810K, capacity 7212K, committed 7336K, reserved 1048576K
Event: 8.077 GC heap after
Heap after GC invocations=8 (full 2):
 PSYoungGen      total 262656K, used 10732K [0x00000000e0000000, 0x00000000f4d80000, 0x0000000100000000)
  eden space 251904K, 0% used [0x00000000e0000000,0x00000000e0000000,0x00000000ef600000)
  from space 10752K, 99% used [0x00000000f0a80000,0x00000000f14fb330,0x00000000f1500000)
  to   space 20992K, 0% used [0x00000000ef600000,0x00000000ef600000,0x00000000f0a80000)
 ParOldGen       total 103936K, used 28336K [0x00000000a0000000, 0x00000000a6580000, 0x00000000e0000000)
  object space 103936K, 27% used [0x00000000a0000000,0x00000000a1bac2e0,0x00000000a6580000)
 Metaspace       used 51013K, capacity 52858K, committed 53160K, reserved 1095680K
  class space    used 6810K, capacity 7212K, committed 7336K, reserved 1048576K
}
Event: 9.077 GC heap before
{Heap before GC invocations=9 (full 2):
 PSYoungGen      total 262656K, used 97061K [0x00000000e0000000, 0x00000000f4d80000, 0x0000000100000000)
  eden space 251904K, 34% used [0x00000000e0000000,0x00000000e544e238,0x00000000ef600000)
  from space 10752K, 99% used [0x00000000f0a80000,0x00000000f14fb330,0x00000000f1500000)
  to   space 20992K, 0% used [0x00000000ef600000,0x00000000ef600000,0x00000000f0a80000)
 ParOldGen       total 103936K, used 28336K [0x00000000a0000000, 0x00000000a6580000, 0x00000000e0000000)
  object space 103936K, 27% used [0x00000000a0000000,0x00000000a1bac2e0,0x00000000a6580000)
 Metaspace       used 56914K, capacity 59034K, committed 59160K, reserved 1099776K
  class space    used 7706K, capacity 8167K, committed 8232K, reserved 1048576K
Event: 9.089 GC heap after
Heap after GC invocations=9 (full 2):
 PSYoungGen      total 272896K, used 20782K [0x00000000e0000000, 0x00000000f4d80000, 0x0000000100000000)
  eden space 251904K, 0% used [0x00000000e0000000,0x00000000e0000000,0x00000000ef600000)
  from space 20992K, 99% used [0x00000000ef600000,0x00000000f0a4b8d8,0x00000000f0a80000)
  to   space 10752K, 0% used [0x00000000f0a80000,0x00000000f0a80000,0x00000000f1500000)
 ParOldGen       total 103936K, used 28344K [0x00000000a0000000, 0x00000000a6580000, 0x00000000e0000000)
  object space 103936K, 27% used [0x00000000a0000000,0x00000000a1bae2e0,0x00000000a6580000)
 Metaspace       used 56914K, capacity 59034K, committed 59160K, reserved 1099776K
  class space    used 7706K, capacity 8167K, committed 8232K, reserved 1048576K
}
Event: 9.089 GC heap before
{Heap before GC invocations=10 (full 3):
 PSYoungGen      total 272896K, used 20782K [0x00000000e0000000, 0x00000000f4d80000, 0x0000000100000000)
  eden space 251904K, 0% used [0x00000000e0000000,0x00000000e0000000,0x00000000ef600000)
  from space 20992K, 99% used [0x00000000ef600000,0x00000000f0a4b8d8,0x00000000f0a80000)
  to   space 10752K, 0% used [0x00000000f0a80000,0x00000000f0a80000,0x00000000f1500000)
 ParOldGen       total 103936K, used 28344K [0x00000000a0000000, 0x00000000a6580000, 0x00000000e0000000)
  object space 103936K, 27% used [0x00000000a0000000,0x00000000a1bae2e0,0x00000000a6580000)
 Metaspace       used 56914K, capacity 59034K, committed 59160K, reserved 1099776K
  class space    used 7706K, capacity 8167K, committed 8232K, reserved 1048576K
Event: 9.299 GC heap after
Heap after GC invocations=10 (full 3):
 PSYoungGen      total 272896K, used 0K [0x00000000e0000000, 0x00000000f4d80000, 0x0000000100000000)
  eden space 251904K, 0% used [0x00000000e0000000,0x00000000e0000000,0x00000000ef600000)
  from space 20992K, 0% used [0x00000000ef600000,0x00000000ef600000,0x00000000f0a80000)
  to   space 10752K, 0% used [0x00000000f0a80000,0x00000000f0a80000,0x00000000f1500000)
 ParOldGen       total 103936K, used 35302K [0x00000000a0000000, 0x00000000a6580000, 0x00000000e0000000)
  object space 103936K, 33% used [0x00000000a0000000,0x00000000a22799d0,0x00000000a6580000)
 Metaspace       used 56906K, capacity 59004K, committed 59160K, reserved 1099776K
  class space    used 7703K, capacity 8162K, committed 8232K, reserved 1048576K
}

Deoptimization events (10 events):
Event: 8.846 Thread 0x000000001a7b3800 Uncommon trap: reason=unstable_if action=reinterpret pc=0x00000000031ca98c method=java.util.HashMap.putVal(ILjava/lang/Object;Ljava/lang/Object;ZZ)Ljava/lang/Object; @ 109
Event: 8.846 Thread 0x000000001a7b3800 Uncommon trap: reason=unstable_if action=reinterpret pc=0x000000000373031c method=java.util.HashMap.putVal(ILjava/lang/Object;Ljava/lang/Object;ZZ)Ljava/lang/Object; @ 109
Event: 8.857 Thread 0x000000001a7b3800 Uncommon trap: reason=unstable_if action=reinterpret pc=0x00000000035b1174 method=java.io.WinNTFileSystem.normalize(Ljava/lang/String;)Ljava/lang/String; @ 74
Event: 8.857 Thread 0x000000001a7b3800 Uncommon trap: reason=unstable_if action=reinterpret pc=0x0000000003140e9c method=java.io.WinNTFileSystem.normalize(Ljava/lang/String;II)Ljava/lang/String; @ 103
Event: 9.389 Thread 0x000000001a7b3800 Uncommon trap: reason=array_check action=maybe_recompile pc=0x000000000302d8a8 method=java.util.AbstractCollection.toArray([Ljava/lang/Object;)[Ljava/lang/Object; @ 119
Event: 9.393 Thread 0x000000001a7b3800 Uncommon trap: reason=array_check action=maybe_recompile pc=0x000000000302d8a8 method=java.util.AbstractCollection.toArray([Ljava/lang/Object;)[Ljava/lang/Object; @ 119
Event: 9.393 Thread 0x000000001a7b3800 Uncommon trap: reason=array_check action=maybe_recompile pc=0x000000000302d8a8 method=java.util.AbstractCollection.toArray([Ljava/lang/Object;)[Ljava/lang/Object; @ 119
Event: 9.393 Thread 0x000000001a7b3800 Uncommon trap: reason=array_check action=maybe_recompile pc=0x000000000302d8a8 method=java.util.AbstractCollection.toArray([Ljava/lang/Object;)[Ljava/lang/Object; @ 119
Event: 9.468 Thread 0x000000001a7b3800 Uncommon trap: reason=unstable_if action=reinterpret pc=0x00000000031140e8 method=java.lang.String.regionMatches(ZILjava/lang/String;II)Z @ 58
Event: 9.610 Thread 0x000000001a7b3800 Uncommon trap: reason=unstable_if action=reinterpret pc=0x00000000030d0080 method=java.lang.reflect.AccessibleObject.setAccessible0(Ljava/lang/reflect/AccessibleObject;Z)V @ 23

Classes redefined (0 events):
No events

Internal exceptions (10 events):
Event: 8.795 Thread 0x000000001a7b3800 Exception <a 'java/lang/ClassNotFoundException': com/android/build/gradle/internal/api/ApkVariantOutputImpl_DecoratedCustomizer> (0x00000000e46fb858) thrown at [C:\src\AOSP-openjdk-git\hotspot\src\share\vm\classfile\systemDictionary.cpp, line 210]
Event: 9.607 Thread 0x000000001a7b3800 Exception <a 'java/lang/ClassNotFoundException': org/jetbrains/plugins/gradle/model/web/WebConfigurationBeanInfo> (0x00000000e1954e20) thrown at [C:\src\AOSP-openjdk-git\hotspot\src\share\vm\classfile\systemDictionary.cpp, line 210]
Event: 9.607 Thread 0x000000001a7b3800 Exception <a 'java/lang/ClassNotFoundException': org/jetbrains/plugins/gradle/model/web/WebConfigurationCustomizer> (0x00000000e1968da8) thrown at [C:\src\AOSP-openjdk-git\hotspot\src\share\vm\classfile\systemDictionary.cpp, line 210]
Event: 9.610 Thread 0x000000001a7b3800 Exception <a 'java/lang/SecurityException'> (0x00000000e197e138) thrown at [C:\src\AOSP-openjdk-git\hotspot\src\share\vm\prims\jvm.cpp, line 1506]
Event: 9.611 Thread 0x000000001a7b3800 Exception <a 'java/lang/ClassNotFoundException': java/lang/ClassBeanInfo> (0x00000000e19981f0) thrown at [C:\src\AOSP-openjdk-git\hotspot\src\share\vm\classfile\systemDictionary.cpp, line 210]
Event: 9.611 Thread 0x000000001a7b3800 Exception <a 'java/lang/ClassNotFoundException': java/lang/ClassCustomizer> (0x00000000e19a0d60) thrown at [C:\src\AOSP-openjdk-git\hotspot\src\share\vm\classfile\systemDictionary.cpp, line 210]
Event: 9.617 Thread 0x000000001a7b3800 Exception <a 'java/lang/ClassNotFoundException': java/lang/StringBeanInfo> (0x00000000e1ada098) thrown at [C:\src\AOSP-openjdk-git\hotspot\src\share\vm\classfile\systemDictionary.cpp, line 210]
Event: 9.617 Thread 0x000000001a7b3800 Exception <a 'java/lang/ClassNotFoundException': java/lang/StringCustomizer> (0x00000000e1ae2fd8) thrown at [C:\src\AOSP-openjdk-git\hotspot\src\share\vm\classfile\systemDictionary.cpp, line 210]
Event: 9.621 Thread 0x000000001a7b3800 Exception <a 'java/lang/ClassNotFoundException': org/jetbrains/plugins/gradle/model/scala/ScalaModelBeanInfo> (0x00000000e1b3f720) thrown at [C:\src\AOSP-openjdk-git\hotspot\src\share\vm\classfile\systemDictionary.cpp, line 210]
Event: 9.621 Thread 0x000000001a7b3800 Exception <a 'java/lang/ClassNotFoundException': org/jetbrains/plugins/gradle/model/scala/ScalaModelCustomizer> (0x00000000e1b52ea8) thrown at [C:\src\AOSP-openjdk-git\hotspot\src\share\vm\classfile\systemDictionary.cpp, line 210]

Events (10 events):
Event: 9.624 loading class org/jetbrains/kotlin/gradle/KotlinGradleModel
Event: 9.624 loading class org/jetbrains/kotlin/gradle/KotlinGradleModel done
Event: 9.624 loading class org/jetbrains/kotlin/gradle/KotlinMPPGradleModel
Event: 9.624 loading class org/jetbrains/kotlin/gradle/KotlinMPPGradleModel done
Event: 9.625 loading class org/gradle/tooling/provider/model/internal/DefaultToolingModelBuilderRegistry$BuildOperationWrappingToolingModelBuilder
Event: 9.625 loading class org/gradle/tooling/provider/model/internal/DefaultToolingModelBuilderRegistry$BuildOperationWrappingToolingModelBuilder done
Event: 9.625 loading class org/gradle/tooling/provider/model/internal/DefaultToolingModelBuilderRegistry$BuildOperationWrappingToolingModelBuilder$1
Event: 9.625 loading class org/gradle/tooling/provider/model/internal/DefaultToolingModelBuilderRegistry$BuildOperationWrappingToolingModelBuilder$1 done
Event: 9.626 loading class org/gradle/tooling/provider/model/internal/DefaultToolingModelBuilderRegistry$BuildOperationWrappingToolingModelBuilder$1$1
Event: 9.626 loading class org/gradle/tooling/provider/model/internal/DefaultToolingModelBuilderRegistry$BuildOperationWrappingToolingModelBuilder$1$1 done


Dynamic libraries:
0x00007ff719400000 - 0x00007ff719431000 	C:\Program Files\Android\Android Studio\jre\bin\java.exe
0x00007ffde9880000 - 0x00007ffde9a70000 	C:\Windows\SYSTEM32\ntdll.dll
0x00007ffde8460000 - 0x00007ffde8512000 	C:\Windows\System32\KERNEL32.DLL
0x00007ffde7370000 - 0x00007ffde7614000 	C:\Windows\System32\KERNELBASE.dll
0x00007ffde7930000 - 0x00007ffde79d3000 	C:\Windows\System32\ADVAPI32.dll
0x00007ffde82b0000 - 0x00007ffde834e000 	C:\Windows\System32\msvcrt.dll
0x00007ffde83c0000 - 0x00007ffde8457000 	C:\Windows\System32\sechost.dll
0x00007ffde9720000 - 0x00007ffde9840000 	C:\Windows\System32\RPCRT4.dll
0x00007ffde7f20000 - 0x00007ffde80b4000 	C:\Windows\System32\USER32.dll
0x00007ffde6a30000 - 0x00007ffde6a51000 	C:\Windows\System32\win32u.dll
0x00007ffde8600000 - 0x00007ffde8626000 	C:\Windows\System32\GDI32.dll
0x00007ffde7710000 - 0x00007ffde78a6000 	C:\Windows\System32\gdi32full.dll
0x00007ffde7620000 - 0x00007ffde76be000 	C:\Windows\System32\msvcp_win.dll
0x00007ffde6800000 - 0x00007ffde68fa000 	C:\Windows\System32\ucrtbase.dll
0x00007ffdd0b70000 - 0x00007ffdd0df4000 	C:\Windows\WinSxS\amd64_microsoft.windows.common-controls_6595b64144ccf1df_6.0.18362.959_none_e6c7bbbf130c62bb\COMCTL32.dll
0x00007ffde93e0000 - 0x00007ffde9715000 	C:\Windows\System32\combase.dll
0x00007ffde78b0000 - 0x00007ffde7930000 	C:\Windows\System32\bcryptPrimitives.dll
0x00007ffde8a60000 - 0x00007ffde8a8e000 	C:\Windows\System32\IMM32.DLL
0x000000005fc50000 - 0x000000005fd22000 	C:\Program Files\Android\Android Studio\jre\jre\bin\msvcr100.dll
0x000000005f030000 - 0x000000005f87b000 	C:\Program Files\Android\Android Studio\jre\jre\bin\server\jvm.dll
0x00007ffde8a90000 - 0x00007ffde8a98000 	C:\Windows\System32\PSAPI.DLL
0x00007ffde4610000 - 0x00007ffde4634000 	C:\Windows\SYSTEM32\WINMM.dll
0x00007ffde0460000 - 0x00007ffde046a000 	C:\Windows\SYSTEM32\VERSION.dll
0x00007ffde45b0000 - 0x00007ffde45dd000 	C:\Windows\SYSTEM32\winmmbase.dll
0x00007ffdcf110000 - 0x00007ffdcf119000 	C:\Windows\SYSTEM32\WSOCK32.dll
0x00007ffde76c0000 - 0x00007ffde770a000 	C:\Windows\System32\cfgmgr32.dll
0x00007ffde8970000 - 0x00007ffde89df000 	C:\Windows\System32\WS2_32.dll
0x00007ffde2990000 - 0x00007ffde299f000 	C:\Program Files\Android\Android Studio\jre\jre\bin\verify.dll
0x00007ffdd7090000 - 0x00007ffdd70b9000 	C:\Program Files\Android\Android Studio\jre\jre\bin\java.dll
0x00007ffde0df0000 - 0x00007ffde0e06000 	C:\Program Files\Android\Android Studio\jre\jre\bin\zip.dll
0x00007ffde8cd0000 - 0x00007ffde93b6000 	C:\Windows\System32\SHELL32.dll
0x00007ffde8200000 - 0x00007ffde82a9000 	C:\Windows\System32\shcore.dll
0x00007ffde6a60000 - 0x00007ffde71e2000 	C:\Windows\System32\windows.storage.dll
0x00007ffde67d0000 - 0x00007ffde67f3000 	C:\Windows\System32\profapi.dll
0x00007ffde6760000 - 0x00007ffde67aa000 	C:\Windows\System32\powrprof.dll
0x00007ffde6730000 - 0x00007ffde6740000 	C:\Windows\System32\UMPDC.dll
0x00007ffde8520000 - 0x00007ffde8572000 	C:\Windows\System32\shlwapi.dll
0x00007ffde6740000 - 0x00007ffde6751000 	C:\Windows\System32\kernel.appcore.dll
0x00007ffde6900000 - 0x00007ffde6917000 	C:\Windows\System32\cryptsp.dll
0x00007ffdd7070000 - 0x00007ffdd708a000 	C:\Program Files\Android\Android Studio\jre\jre\bin\net.dll
0x00007ffde5f40000 - 0x00007ffde5fa7000 	C:\Windows\system32\mswsock.dll
0x00007ffdd6e20000 - 0x00007ffdd6e33000 	C:\Program Files\Android\Android Studio\jre\jre\bin\nio.dll
0x00007ffdd13e0000 - 0x00007ffdd1406000 	C:\Users\Admin\.gradle\native\31\windows-amd64\native-platform.dll
0x00007ffde24e0000 - 0x00007ffde24ed000 	C:\Program Files\Android\Android Studio\jre\jre\bin\management.dll
0x00007ffde5ab0000 - 0x00007ffde5ae3000 	C:\Windows\system32\rsaenh.dll
0x00007ffde7340000 - 0x00007ffde7366000 	C:\Windows\System32\bcrypt.dll
0x00007ffde6650000 - 0x00007ffde6675000 	C:\Windows\SYSTEM32\USERENV.dll
0x00007ffde6170000 - 0x00007ffde617c000 	C:\Windows\SYSTEM32\CRYPTBASE.dll
0x00007ffde5c50000 - 0x00007ffde5c8a000 	C:\Windows\SYSTEM32\IPHLPAPI.DLL
0x00007ffde87e0000 - 0x00007ffde87e8000 	C:\Windows\System32\NSI.dll
0x00007ffde0710000 - 0x00007ffde0726000 	C:\Windows\SYSTEM32\dhcpcsvc6.DLL
0x00007ffde0560000 - 0x00007ffde057c000 	C:\Windows\SYSTEM32\dhcpcsvc.DLL
0x00007ffde5c90000 - 0x00007ffde5d5b000 	C:\Windows\SYSTEM32\DNSAPI.dll

VM Arguments:
jvm_args: -Xmx1536m -Dfile.encoding=windows-1251 -Duser.country=RU -Duser.language=ru -Duser.variant 
java_command: org.gradle.launcher.daemon.bootstrap.GradleDaemon 6.1.1
java_class_path (initial): C:\Users\Admin\.gradle\wrapper\dists\gradle-6.1.1-all\cfmwm155h49vnt3hynmlrsdst\gradle-6.1.1\lib\gradle-launcher-6.1.1.jar
Launcher Type: SUN_STANDARD

Environment Variables:
PATH=C:\ProgramData\Miniconda3;C:\ProgramData\Miniconda3\Library\mingw-w64\bin;C:\ProgramData\Miniconda3\Library\usr\bin;C:\ProgramData\Miniconda3\Library\bin;C:\ProgramData\Miniconda3\Scripts;C:\Windows\system32;C:\Windows;C:\Windows\System32\Wbem;C:\Windows\System32\WindowsPowerShell\v1.0\;C:\Windows\System32\OpenSSH\;C:\Program Files\NVIDIA Corporation\NVIDIA NvDLISR;C:\Program Files (x86)\NVIDIA Corporation\PhysX\Common;C:\Program Files\Git\cmd;C:\Users\Admin\AppData\Local\Programs\Python\Python38-32\Scripts\;C:\Users\Admin\AppData\Local\Programs\Python\Python38-32\;C:\Users\Admin\AppData\Local\Microsoft\WindowsApps;C:\Program Files\JetBrains\PyCharm Community Edition 2019.3.1\bin;C:\Program Files\JetBrains\WebStorm 2019.2.3\bin;C:\Users\Admin\AppData\Local\GitHubDesktop\bin;C:\Program Files\JetBrains\WebStorm 2019.2\bin;;C:\Program Files\JetBrains\IntelliJ IDEA 2019.2.4\bin;;C:\Program Files\JetBrains\IntelliJ IDEA Community Edition 2020.1\bin;
USERNAME=Admin
OS=Windows_NT
PROCESSOR_IDENTIFIER=Intel64 Family 6 Model 158 Stepping 10, GenuineIntel



---------------  S Y S T E M  ---------------

OS: Windows 10.0 , 64 bit Build 18362 (10.0.18362.959)

CPU:total 6 (initial active 6) (6 cores per cpu, 1 threads per core) family 6 model 158 stepping 10, cmov, cx8, fxsr, mmx, sse, sse2, sse3, ssse3, sse4.1, sse4.2, popcnt, avx, avx2, aes, clmul, erms, 3dnowpref, lzcnt, tsc, tscinvbit, bmi1, bmi2, adx

Memory: 4k page, physical 16705448k(5086860k free), swap 19710888k(2036k free)

vm_info: OpenJDK 64-Bit Server VM (25.242-b01) for windows-amd64 JRE (1.8.0_242-release-1644-b01), built by "builder" with MS VC++ 10.0 (VS2010)

time: Sun Jul 26 11:19:14 2020
timezone: RTZ 2 (зима)
elapsed time: 9 seconds (0d 0h 0m 9s)

